[00:24:49] [ServerMain/INFO]: Environment: authHost='https://authserver.mojang.com', accountsHost='https://api.mojang.com', sessionHost='https://sessionserver.mojang.com', servicesHost='https://api.minecraftservices.com', name='PROD'
[00:24:51] [Worker-Main-1/INFO]: Loaded 7 recipes
[00:24:51] [Worker-Main-1/WARN]: Found validation problem in {minecraft:entities/ender_dragon}.pools[1].entries[0]: Unknown loot table called minecraft:entities/reference/mmh/ender_dragon
[00:24:51] [Worker-Main-1/WARN]: Found validation problem in {minecraft:entities/shulker}.pools[1].entries[0]: Unknown loot table called minecraft:entities/reference/mmh/shulker
[00:24:52] [Server thread/INFO]: Starting minecraft server version 1.18.2
[00:24:52] [Server thread/INFO]: Loading properties
[00:24:52] [Server thread/INFO]: This server is running Paper version git-Paper-265 (MC: 1.18.2) (Implementing API version 1.18.2-R0.1-SNAPSHOT) (Git: 993f828)
[00:24:52] [Server thread/INFO]: Server Ping Player Sample Count: 12
[00:24:52] [Server thread/INFO]: Using 4 threads for Netty based IO
[00:24:52] [Server thread/INFO]: Default game type: SURVIVAL
[00:24:52] [Server thread/INFO]: Generating keypair
[00:24:52] [Server thread/INFO]: Starting Minecraft server on 0.0.0.0:25565
[00:24:52] [Server thread/INFO]: Using epoll channel type
[00:24:52] [Server thread/INFO]: Paper: Using libdeflate (Linux x86_64) compression from Velocity.
[00:24:52] [Server thread/INFO]: Paper: Using OpenSSL 1.1.x (Linux x86_64) cipher from Velocity.
[00:24:53] [Server thread/INFO]: [LuckPerms] Loading LuckPerms v5.4.22
[00:24:53] [Server thread/INFO]: [TreeAssist] Loading TreeAssist v7.3.25
[00:24:53] [Server thread/INFO]: [TreeAssist] Loading main config file: /config.yml
[00:24:54] [Server thread/INFO]: [Minepacks] Loading Minepacks v2.4.5.1-Release
[00:24:54] [Server thread/INFO]: [Minepacks] PCGF-PluginLib not installed. Switching to standalone mode!
[00:24:54] [Server thread/INFO]: [InfinityMendingUnnerf] Loading InfinityMendingUnnerf v1.2.5
[00:24:54] [Server thread/INFO]: [Essentials] Loading Essentials v2.20.0-dev+5-d891268
[00:24:54] [Server thread/INFO]: [GriefPrevention] Loading GriefPrevention v16.18
[00:24:54] [Server thread/INFO]: [LaggRemover] Loading LaggRemover v2.0.6
[00:24:54] [Server thread/INFO]: [VeinMiner] Loading VeinMiner v1.17.10
[00:24:54] [Server thread/INFO]: [EssentialsChat] Loading EssentialsChat v2.20.0-dev+5-d891268
[00:24:54] [Server thread/INFO]: Server permissions file permissions.yml is empty, ignoring it
[00:24:54] [Server thread/INFO]: [LuckPerms] Enabling LuckPerms v5.4.22
[00:24:54] [Server thread/INFO]:         __    
[00:24:54] [Server thread/INFO]:   |    |__)   LuckPerms v5.4.22
[00:24:54] [Server thread/INFO]:   |___ |      Running on Bukkit - Paper
[00:24:54] [Server thread/INFO]: 
[00:24:54] [Server thread/INFO]: [LuckPerms] Loading configuration...
[00:24:54] [Server thread/INFO]: [LuckPerms] Loading storage provider... [H2]
[00:24:55] [Server thread/INFO]: [LuckPerms] Loading internal permission managers...
[00:24:55] [Server thread/INFO]: [LuckPerms] Performing initial data load...
[00:24:55] [Server thread/INFO]: [LuckPerms] Successfully enabled. (took 1258ms)
[00:24:55] [Server thread/WARN]: **** SERVER IS RUNNING IN OFFLINE/INSECURE MODE!
[00:24:55] [Server thread/WARN]: The server will make no attempt to authenticate usernames. Beware.
[00:24:55] [Server thread/WARN]: While this makes the game possible to play without internet access, it also opens up the ability for hackers to connect with any username they choose.
[00:24:55] [Server thread/WARN]: To change this, set "online-mode" to "true" in the server.properties file.
[00:24:55] [Server thread/INFO]: Preparing level "world"
[00:25:01] [Server thread/INFO]: Preparing start region for dimension minecraft:overworld
[00:25:01] [Server thread/INFO]: Preparing spawn area: 0%
[00:25:01] [Server thread/INFO]: Preparing spawn area: 0%
[00:25:02] [Server thread/INFO]: Preparing spawn area: 0%
[00:25:02] [Server thread/INFO]: Preparing spawn area: 0%
[00:25:03] [Server thread/INFO]: Preparing spawn area: 0%
[00:25:03] [Server thread/INFO]: Preparing spawn area: 0%
[00:25:04] [Server thread/INFO]: Preparing spawn area: 1%
[00:25:04] [Server thread/INFO]: Time elapsed: 3161 ms
[00:25:04] [Server thread/INFO]: Preparing start region for dimension minecraft:the_nether
[00:25:04] [Server thread/INFO]: Preparing spawn area: 0%
[00:25:04] [Server thread/INFO]: Preparing spawn area: 0%
[00:25:05] [Server thread/INFO]: Preparing spawn area: 0%
[00:25:05] [Server thread/INFO]: Time elapsed: 1495 ms
[00:25:05] [Server thread/INFO]: Preparing start region for dimension minecraft:the_end
[00:25:05] [Server thread/INFO]: Preparing spawn area: 0%
[00:25:06] [Server thread/INFO]: Preparing spawn area: 0%
[00:25:06] [Server thread/INFO]: Preparing spawn area: 0%
[00:25:06] [Server thread/INFO]: Time elapsed: 1102 ms
[00:25:06] [Server thread/INFO]: [TreeAssist] Enabling TreeAssist v7.3.25
[00:25:06] [Server thread/INFO]: [TreeAssist] sending full Metrics! You can deactivate this in the config.yml
[00:25:07] [Server thread/INFO]: [TreeAssist] debugging: off
[00:25:07] [Thread-10/INFO]: [TreeAssist] Checking for updates...
[00:25:07] [Server thread/INFO]: [Minepacks] Enabling Minepacks v2.4.5.1-Release
[00:25:07] [Server thread/INFO]: [Minepacks] Starting Minepacks in standalone mode!
[00:25:07] [Server thread/INFO]: [Minepacks] [32mConfig file successfully loaded.[0m
[00:25:07] [Server thread/INFO]: [Minepacks] [32mLanguage file successfully loaded. Language: english  Author: GeorgH93[0m
[00:25:07] [Server thread/INFO]: [at.pcgamingfreaks.MinepacksStandalone.libs.com.zaxxer.hikari.HikariDataSource] Minepacks-Connection-Pool - Starting...
[00:25:07] [Server thread/INFO]: [at.pcgamingfreaks.MinepacksStandalone.libs.com.zaxxer.hikari.HikariDataSource] Minepacks-Connection-Pool - Start completed.
[00:25:07] [Server thread/INFO]: [Minepacks] [32mItem name language file successfully loaded. Language: english  Author: GeorgH93[0m
[00:25:07] [Server thread/INFO]: [Minepacks] Loading item translations ...
[00:25:07] [Server thread/INFO]: [Minepacks] Finished loading item translations for 828 items.
[00:25:07] [Server thread/INFO]: [Minepacks] [32m Minepacks has been enabled! [33m :) [0m
[00:25:07] [Server thread/INFO]: [InfinityMendingUnnerf] Enabling InfinityMendingUnnerf v1.2.5
[00:25:07] [Server thread/INFO]: [InfinityMendingUnnerf] Loading in Minecraft 1.18
[00:25:07] [Server thread/INFO]: [InfinityMendingUnnerf] Minecraft 1.11 or later.
[00:25:07] [Server thread/INFO]: [InfinityMendingUnnerf] Java: 61.0
[00:25:07] [Server thread/INFO]: [InfinityMendingUnnerf] Running Java 9 or newer!
[00:25:07] [Server thread/INFO]: [InfinityMendingUnnerf] Loading injector!
[00:25:07] [Server thread/INFO]: [InfinityMendingUnnerf] Injector loaded! Beginning injection of custom mending/infinity code!
[00:25:07] [Server thread/INFO]: [InfinityMendingUnnerf] Found necessary classes!
[00:25:08] [Server thread/INFO]: [InfinityMendingUnnerf] Injection complete! Infinity and mending are no longer exclusive!
[00:25:08] [Server thread/INFO]: [Essentials] Enabling Essentials v2.20.0-dev+5-d891268
[00:25:08] [Server thread/INFO]: [Essentials] Attempting to convert old kits in config.yml to new kits.yml
[00:25:08] [Server thread/INFO]: [Essentials] No kits found to migrate.
[00:25:09] [Server thread/INFO]: [Essentials] Loaded 36926 items from items.json.
[00:25:09] [Server thread/INFO]: [Essentials] Using locale en
[00:25:09] [Server thread/INFO]: [Essentials] ServerListPingEvent: Spigot iterator API
[00:25:09] [Server thread/INFO]: [Essentials] Starting Metrics. Opt-out using the global bStats config.
[00:25:09] [Server thread/WARN]: [Essentials] Detected supported permissions plugin LuckPerms without Vault installed.
[00:25:09] [Server thread/WARN]: [Essentials] Features such as chat prefixes/suffixes and group-related functionality will not work until you install Vault.
[00:25:09] [Server thread/INFO]: [Essentials] Using superperms-based permissions.
[00:25:09] [Server thread/INFO]: [GriefPrevention] Enabling GriefPrevention v16.18
[00:25:09] [Server thread/INFO]: [GriefPrevention] Finished loading configuration.
[00:25:09] [Server thread/INFO]: [GriefPrevention] 12 total claims loaded.
[00:25:09] [Server thread/INFO]: [GriefPrevention] Customizable messages loaded.
[00:25:09] [Server thread/INFO]: [GriefPrevention] Finished loading data (File Mode).
[00:25:09] [Server thread/INFO]: [GriefPrevention] Boot finished.
[00:25:09] [Server thread/INFO]: [LaggRemover] Enabling LaggRemover v2.0.6
[00:25:10] [Server thread/INFO]: [LaggRemover] [STDOUT] 
    __                      ____                                         _    _____
   / /   ____ _____ _____ _/ __ \___  ____ ___  ____ _   _____  _____   | |  / /__ \
  / /   / __ `/ __ `/ __ `/ /_/ / _ \/ __ `__ \/ __ \ | / / _ \/ ___/   | | / /__/ /
 / /___/ /_/ / /_/ / /_/ / _, _/  __/ / / / / / /_/ / |/ /  __/ /       | |/ // __/
/_____/\__,_/\__, /\__, /_/ |_|\___/_/ /_/ /_/\____/|___/\___/_/        |___//____/
            /____//____/

[00:25:10] [Server thread/WARN]: Nag author(s): '[drew6017]' of 'LaggRemover' about their usage of System.out/err.print. Please use your plugin's logger instead (JavaPlugin#getLogger).
[00:25:10] [Server thread/INFO]: [LaggRemover] Loaded 0 module(s)
[00:25:10] [Server thread/INFO]: [LaggRemover] The LaggRemover AI is now active!
[00:25:10] [Server thread/INFO]: [LaggRemover] LaggRemover has been enabled!
[00:25:10] [Server thread/INFO]: [VeinMiner] Enabling VeinMiner v1.17.10
[00:25:10] [Server thread/INFO]: [VeinMiner] Registering events
[00:25:10] [Server thread/INFO]: [VeinMiner] Registering commands
[00:25:10] [Server thread/INFO]: [VeinMiner] Vault not found. Economy support suspended
[00:25:10] [Server thread/INFO]: [VeinMiner] Enabling Plugin Metrics
[00:25:10] [Server thread/INFO]: [VeinMiner] Thanks for enabling Metrics! The anonymous stats are appreciated
[00:25:10] [Server thread/INFO]: [VeinMiner] Loading configuration options to local memory
[00:25:10] [Server thread/INFO]: [VeinMiner] Performing an update check!
[00:25:10] [Server thread/INFO]: [EssentialsChat] Enabling EssentialsChat v2.20.0-dev+5-d891268
[00:25:10] [Server thread/INFO]: [EssentialsChat] Starting Metrics. Opt-out using the global bStats config.
[00:25:10] [Thread-13/INFO]: [VeinMiner] Your version of VeinMiner (1.17.10) is up to date!
[00:25:10] [Server thread/INFO]: Running delayed init tasks
[00:25:10] [Craft Scheduler Thread - 2 - Essentials/INFO]: [Essentials] ยง6Fetching version information...
[00:25:10] [Server thread/INFO]: Done (18.184s)! For help, type "help"
[00:25:10] [Server thread/INFO]: Timings Reset
[00:25:11] [Server thread/WARN]: UUID of added entity already exists: EntityArmorStand['Armor Stand'/148, uuid='291dfbec-2b7b-4c2b-9899-f665ea53af5d', l='ServerLevel[world]', x=22068880.50, y=1000.00, z=-4185487.50, cpos=[1379305, -261593], tl=1147674, v=false]
[00:25:11] [User Authenticator #1/INFO]: UUID of player HeavenlyEye is f12fd871-4d23-3164-8b97-b62aa008da11
[00:25:11] [Craft Scheduler Thread - 2 - Essentials/WARN]: [Essentials] ยง4You're ยงc1 ยง4EssentialsX dev build(s) out of date!
[00:25:11] [Craft Scheduler Thread - 2 - Essentials/WARN]: [Essentials] ยง4Download it here:ยงc https://essentialsx.net/downloads.html
[00:25:11] [Server thread/INFO]: HeavenlyEye joined the game
[00:25:11] [Server thread/INFO]: HeavenlyEye[/75.155.120.248:60337] logged in with entity id 196 at ([world]330.7627542516704, 60.0, 285.77990652525966)
[00:25:24] [Server thread/INFO]: HeavenlyEye issued server command: /home warm_ocean
[00:25:45] [Server thread/INFO]: HeavenlyEye issued server command: /home home
[00:35:15] [User Authenticator #2/INFO]: UUID of player xdd is 3482933d-8480-341e-b9a2-7692a3a38b9f
[00:35:15] [Server thread/INFO]: xdd joined the game
[00:35:15] [Server thread/INFO]: xdd[/50.99.93.122:57152] logged in with entity id 5717 at ([world]302.48750001192093, 185.0, 525.6815999173476)
[00:35:31] [Async Chat Thread - #0/INFO]: <HeavenlyEye> sry ser nagrestart ako nang server knina haha
[00:37:16] [Server thread/INFO]: xdd issued server command: /sethome afk
[00:37:22] [Server thread/INFO]: xdd issued server command: /sethome afk
[00:37:29] [Server thread/INFO]: xdd issued server command: /sethome afk
[00:51:32] [Server thread/INFO]: HeavenlyEye issued server command: /backpack
[00:52:12] [Server thread/INFO]: HeavenlyEye issued server command: /home desert
[00:53:26] [Server thread/INFO]: HeavenlyEye issued server command: /home home
[00:57:57] [User Authenticator #3/INFO]: UUID of player LeM0N0 is 78b9400f-43ae-38d0-945e-04e2a6bd10db
[00:57:57] [Server thread/INFO]: LeM0N0 joined the game
[00:57:57] [Server thread/INFO]: LeM0N0[/70.40.140.176:61122] logged in with entity id 14424 at ([world]418.7669913849084, 15.0, -566.7439129539449)
[01:15:01] [Server thread/INFO]: LeM0N0 lost connection: Disconnected
[01:15:01] [Server thread/INFO]: LeM0N0 left the game
[01:16:04] [User Authenticator #4/INFO]: UUID of player H2OSerein is 2187b61f-f881-3705-9532-613f70d5eebb
[01:16:04] [Server thread/INFO]: H2OSerein joined the game
[01:16:04] [Server thread/INFO]: H2OSerein[/70.40.140.176:51859] logged in with entity id 25662 at ([world]437.1464818724847, 7.1875, -574.0949109986615)
[01:25:23] [Server thread/INFO]: xdd issued server command: /
[01:28:55] [User Authenticator #5/INFO]: UUID of player Seraveee is fb0badfa-8399-3454-a1ee-69925c1a7633
[01:28:55] [Server thread/INFO]: Seraveee joined the game
[01:28:55] [Server thread/INFO]: Seraveee[/50.99.93.122:49639] logged in with entity id 33728 at ([world]257.84032302718254, 62.9375, 453.75289867658887)
[01:47:36] [Server thread/INFO]: Seraveee lost connection: Disconnected
[01:47:36] [Server thread/INFO]: Seraveee left the game
[01:48:55] [Server thread/INFO]: xdd lost connection: Disconnected
[01:48:55] [Server thread/INFO]: xdd left the game
[01:50:21] [User Authenticator #6/INFO]: UUID of player Dane is dd8e6433-bc9c-3c72-a53c-56afc79c3744
[01:50:21] [Server thread/INFO]: Dane joined the game
[01:50:21] [Server thread/INFO]: Dane[/199.126.233.8:57524] logged in with entity id 52735 at ([world]482.5069867091263, 62.073264324665075, -356.3125)
[01:59:45] [Async Chat Thread - #1/INFO]: <HeavenlyEye> rico
[01:59:56] [Async Chat Thread - #1/INFO]: <HeavenlyEye> ye its impossible to transfer world men
[02:00:01] [Async Chat Thread - #1/ERROR]: Thread Async Chat Thread - #1 failed main thread check: getNearbyEntities
java.lang.Throwable: null
	at org.spigotmc.AsyncCatcher.catchOp(AsyncCatcher.java:15) ~[paper-1.18.2.jar:git-Paper-265]
	at org.bukkit.craftbukkit.v1_18_R2.entity.CraftEntity.getNearbyEntities(CraftEntity.java:602) ~[paper-1.18.2.jar:git-Paper-265]
	at drew6017.lr.main.Events.onChat(Events.java:83) ~[LaggRemover-2.0.6.jar:?]
	at com.destroystokyo.paper.event.executor.asm.generated.GeneratedEventExecutor137.execute(Unknown Source) ~[?:?]
	at org.bukkit.plugin.EventExecutor.lambda$create$1(EventExecutor.java:75) ~[paper-api-1.18.2-R0.1-SNAPSHOT.jar:?]
	at co.aikar.timings.TimedEventExecutor.execute(TimedEventExecutor.java:76) ~[paper-api-1.18.2-R0.1-SNAPSHOT.jar:git-Paper-265]
	at org.bukkit.plugin.RegisteredListener.callEvent(RegisteredListener.java:70) ~[paper-api-1.18.2-R0.1-SNAPSHOT.jar:?]
	at org.bukkit.plugin.SimplePluginManager.callEvent(SimplePluginManager.java:629) ~[paper-api-1.18.2-R0.1-SNAPSHOT.jar:?]
	at io.papermc.paper.adventure.ChatProcessor.post(ChatProcessor.java:194) ~[paper-1.18.2.jar:git-Paper-265]
	at io.papermc.paper.adventure.ChatProcessor.process(ChatProcessor.java:66) ~[paper-1.18.2.jar:git-Paper-265]
	at net.minecraft.server.network.ServerGamePacketListenerImpl.chat(ServerGamePacketListenerImpl.java:2223) ~[?:?]
	at net.minecraft.server.network.ServerGamePacketListenerImpl.handleChat(ServerGamePacketListenerImpl.java:2134) ~[?:?]
	at net.minecraft.server.network.ServerGamePacketListenerImpl.handleChat(ServerGamePacketListenerImpl.java:2100) ~[?:?]
	at net.minecraft.network.protocol.game.ServerboundChatPacket$1.run(ServerboundChatPacket.java:40) ~[?:?]
	at java.util.concurrent.ThreadPoolExecutor.runWorker(ThreadPoolExecutor.java:1136) ~[?:?]
	at java.util.concurrent.ThreadPoolExecutor$Worker.run(ThreadPoolExecutor.java:635) ~[?:?]
	at java.lang.Thread.run(Thread.java:833) ~[?:?]
[02:00:01] [Async Chat Thread - #1/ERROR]: Could not pass event AsyncPlayerChatEvent to LaggRemover v2.0.6
java.lang.IllegalStateException: Asynchronous getNearbyEntities!
	at org.spigotmc.AsyncCatcher.catchOp(AsyncCatcher.java:16) ~[paper-1.18.2.jar:git-Paper-265]
	at org.bukkit.craftbukkit.v1_18_R2.entity.CraftEntity.getNearbyEntities(CraftEntity.java:602) ~[paper-1.18.2.jar:git-Paper-265]
	at drew6017.lr.main.Events.onChat(Events.java:83) ~[LaggRemover-2.0.6.jar:?]
	at com.destroystokyo.paper.event.executor.asm.generated.GeneratedEventExecutor137.execute(Unknown Source) ~[?:?]
	at org.bukkit.plugin.EventExecutor.lambda$create$1(EventExecutor.java:75) ~[paper-api-1.18.2-R0.1-SNAPSHOT.jar:?]
	at co.aikar.timings.TimedEventExecutor.execute(TimedEventExecutor.java:76) ~[paper-api-1.18.2-R0.1-SNAPSHOT.jar:git-Paper-265]
	at org.bukkit.plugin.RegisteredListener.callEvent(RegisteredListener.java:70) ~[paper-api-1.18.2-R0.1-SNAPSHOT.jar:?]
	at org.bukkit.plugin.SimplePluginManager.callEvent(SimplePluginManager.java:629) ~[paper-api-1.18.2-R0.1-SNAPSHOT.jar:?]
	at io.papermc.paper.adventure.ChatProcessor.post(ChatProcessor.java:194) ~[paper-1.18.2.jar:git-Paper-265]
	at io.papermc.paper.adventure.ChatProcessor.process(ChatProcessor.java:66) ~[paper-1.18.2.jar:git-Paper-265]
	at net.minecraft.server.network.ServerGamePacketListenerImpl.chat(ServerGamePacketListenerImpl.java:2223) ~[?:?]
	at net.minecraft.server.network.ServerGamePacketListenerImpl.handleChat(ServerGamePacketListenerImpl.java:2134) ~[?:?]
	at net.minecraft.server.network.ServerGamePacketListenerImpl.handleChat(ServerGamePacketListenerImpl.java:2100) ~[?:?]
	at net.minecraft.network.protocol.game.ServerboundChatPacket$1.run(ServerboundChatPacket.java:40) ~[?:?]
	at java.util.concurrent.ThreadPoolExecutor.runWorker(ThreadPoolExecutor.java:1136) ~[?:?]
	at java.util.concurrent.ThreadPoolExecutor$Worker.run(ThreadPoolExecutor.java:635) ~[?:?]
	at java.lang.Thread.run(Thread.java:833) ~[?:?]
[02:00:01] [Async Chat Thread - #1/INFO]: <HeavenlyEye> total reset tlaga lol
[02:01:15] [Server thread/INFO]: HeavenlyEye lost connection: Disconnected
[02:01:15] [Server thread/INFO]: HeavenlyEye left the game
[02:10:01] [Server thread/WARN]: Skipping Entity with id 
[02:10:16] [Server thread/WARN]: Skipping Entity with id 
[02:10:31] [Server thread/WARN]: Skipping Entity with id 
[02:10:46] [Server thread/WARN]: Skipping Entity with id 
[02:11:01] [Server thread/WARN]: Skipping Entity with id 
[02:11:16] [Server thread/WARN]: Skipping Entity with id 
[02:11:31] [Server thread/WARN]: Skipping Entity with id 
[02:11:47] [Server thread/WARN]: Skipping Entity with id 
[02:12:05] [Server thread/WARN]: Skipping Entity with id 
[02:15:59] [Server thread/WARN]: Skipping Entity with id 
[02:16:14] [Server thread/WARN]: Skipping Entity with id 
[02:16:29] [Server thread/WARN]: Skipping Entity with id 
[02:16:44] [Server thread/WARN]: Skipping Entity with id 
[02:16:59] [Server thread/WARN]: Skipping Entity with id 
[02:17:14] [Server thread/WARN]: Skipping Entity with id 
[02:17:29] [Server thread/WARN]: Skipping Entity with id 
[02:17:44] [Server thread/WARN]: Skipping Entity with id 
[02:17:59] [Server thread/WARN]: Skipping Entity with id 
[02:23:29] [Server thread/INFO]: Dane issued server command: /sethome home2
[02:23:45] [Server thread/INFO]: Dane issued server command: /sethome home2
[02:23:50] [Server thread/INFO]: Dane lost connection: Disconnected
[02:23:50] [Server thread/INFO]: Dane left the game
[03:18:23] [User Authenticator #7/INFO]: UUID of player Dane is dd8e6433-bc9c-3c72-a53c-56afc79c3744
[03:18:24] [Server thread/INFO]: Dane joined the game
[03:18:24] [Server thread/INFO]: Dane[/199.126.233.8:58194] logged in with entity id 76916 at ([world]826.5962567503798, 69.0, 717.9175892530534)
[03:19:28] [Server thread/INFO]: Dane issued server command: /home home
[03:26:42] [Server thread/INFO]: [GriefPrevention] Dane placed a sign @ world: x56, z208;^    ^;____;        Shinobingot
[03:27:41] [Server thread/INFO]: Dane issued server command: /home home
[03:28:42] [Server thread/INFO]: Dane issued server command: /home home
[03:28:44] [Server thread/INFO]: Dane lost connection: Disconnected
[03:28:44] [Server thread/INFO]: Dane left the game
[03:46:29] [Server thread/INFO]: H2OSerein lost connection: Disconnected
[03:46:29] [Server thread/INFO]: H2OSerein left the game
[03:46:52] [User Authenticator #8/INFO]: UUID of player Seraveee is fb0badfa-8399-3454-a1ee-69925c1a7633
[03:46:53] [Server thread/INFO]: Seraveee joined the game
[03:46:53] [Server thread/INFO]: Seraveee[/50.99.93.122:57746] logged in with entity id 82033 at ([world]-1408.4295483745825, 69.0, -261.6581516138716)
[03:47:39] [Server thread/INFO]: Seraveee issued server command: /homes home
[04:01:58] [Server thread/INFO]: Seraveee lost connection: Disconnected
[04:01:58] [Server thread/INFO]: Seraveee left the game
[05:06:23] [Server thread/INFO]: Saving the game (this may take a moment!)
[05:06:23] [Server thread/INFO]: Saved the game
[05:06:23] [Server thread/INFO]: Stopping the server
[05:06:23] [Server thread/INFO]: Stopping server
[05:06:23] [Server thread/INFO]: [EssentialsChat] Disabling EssentialsChat v2.20.0-dev+5-d891268
[05:06:23] [Server thread/INFO]: [VeinMiner] Disabling VeinMiner v1.17.10
[05:06:23] [Server thread/INFO]: [VeinMiner] Clearing localized data
[05:06:23] [Server thread/INFO]: [LaggRemover] Disabling LaggRemover v2.0.6
[05:06:23] [Server thread/INFO]: [LaggRemover] LaggRemover has been disabled!
[05:06:23] [Server thread/INFO]: [GriefPrevention] Disabling GriefPrevention v16.18
[05:06:23] [Server thread/INFO]: [GriefPrevention] GriefPrevention disabled.
[05:06:23] [Server thread/INFO]: [Essentials] Disabling Essentials v2.20.0-dev+5-d891268
[05:06:23] [Server thread/INFO]: [InfinityMendingUnnerf] Disabling InfinityMendingUnnerf v1.2.5
[05:06:23] [Server thread/INFO]: [Minepacks] Disabling Minepacks v2.4.5.1-Release
[05:06:24] [Server thread/INFO]: [at.pcgamingfreaks.MinepacksStandalone.libs.com.zaxxer.hikari.HikariDataSource] Minepacks-Connection-Pool - Shutdown initiated...
[05:06:24] [Server thread/INFO]: [at.pcgamingfreaks.MinepacksStandalone.libs.com.zaxxer.hikari.HikariDataSource] Minepacks-Connection-Pool - Shutdown completed.
[05:06:24] [Server thread/INFO]: [Minepacks] [31m Minepacks has been disabled. [33m :( [0m
[05:06:24] [Server thread/INFO]: [TreeAssist] Disabling TreeAssist v7.3.25
[05:06:24] [Server thread/INFO]: [LuckPerms] Disabling LuckPerms v5.4.22
[05:06:24] [Server thread/INFO]: [LuckPerms] Starting shutdown process...
[05:06:24] [Server thread/INFO]: [LuckPerms] Closing storage...
[05:06:24] [Server thread/INFO]: [LuckPerms] Goodbye!
[05:06:24] [Server thread/INFO]: Saving players
[05:06:24] [Server thread/INFO]: Saving worlds
[05:06:25] [Server thread/INFO]: Saving chunks for level 'ServerLevel[world]'/minecraft:overworld
[05:06:26] [Server thread/INFO]: Saving chunks for level 'ServerLevel[world_nether]'/minecraft:the_nether
[05:06:26] [Server thread/INFO]: Saving chunks for level 'ServerLevel[world_the_end]'/minecraft:the_end
[05:06:26] [Server thread/INFO]: ThreadedAnvilChunkStorage (world): All chunks are saved
[05:06:26] [Server thread/INFO]: ThreadedAnvilChunkStorage (DIM-1): All chunks are saved
[05:06:26] [Server thread/INFO]: ThreadedAnvilChunkStorage (DIM1): All chunks are saved
[05:06:26] [Server thread/INFO]: ThreadedAnvilChunkStorage: All dimensions are saved
[05:06:26] [Server thread/INFO]: Flushing Chunk IO
[05:06:26] [Server thread/INFO]: Closing Thread Pool
[05:06:26] [Server thread/INFO]: Closing Server
