00:11 HeavenlyEye   : jan kba brad?
00:11 Seraveee      : ya
00:11 Seraveee      : nag lalakbay ako haha
00:11 HeavenlyEye   : test mo nga ung /locate ska /locatebiome command haha
00:11 HeavenlyEye   : kung gumagana sau
00:12 Seraveee      : nagana
00:14 HeavenlyEye   : nice
00:14 HeavenlyEye   : tignan mo nga kung makakita ka nang message
00:14 HeavenlyEye   : wait lang
00:14 HeavenlyEye   : meron?
00:14 HeavenlyEye   : afk alert shit
00:14 Seraveee      : yung afk?
00:14 HeavenlyEye   : yeah
00:14 Seraveee      : meron
00:14 HeavenlyEye   : like playername is now afk
00:14 HeavenlyEye   : ganyan?
00:15 Seraveee      : oo
00:15 HeavenlyEye   : nice haha useful yan
00:15 Seraveee      : nung isang araw pa yan ah
00:15 HeavenlyEye   : inenable ko na sa lahat
00:15 HeavenlyEye   : sa admin lang naka enable eh
00:15 Seraveee      : oh
00:15 HeavenlyEye   : rerestart lang ako nang client ko haha
00:27 Seraveee      : th
00:27 Seraveee      : sayo ba yung portal sa sand papunta sa fortress
00:27 HeavenlyEye   : yesser pero naka sethome nako sa nether
00:27 HeavenlyEye   : sa desert pla
00:28 Seraveee      : th anlayo naman haha
00:28 HeavenlyEye   : ye 5k blocks from our place
00:30 Seraveee      : dba bawal tali yung pusa sabay elytra pabalik?
00:33 HeavenlyEye   : bawal brad haha
01:08 Seraveee      : may mending ba bow mo
01:09 HeavenlyEye   : wala men infinity
01:42 Seraveee      : panu amg breed ng pusa yo
01:42 HeavenlyEye   : di ko alam brad eh haha
01:43 HeavenlyEye   : bka kelangan nang isda
02:04 Seraveee      : 3 na elytra ko hahaa
02:04 HeavenlyEye   : gagi tirahan mo sila haha
02:05 Seraveee      : bebenta ko to HAHAHA
02:05 HeavenlyEye   : tangina ahahaha profit
02:05 HeavenlyEye   : pota hirap maghanap nang black dye lol\
02:05 Seraveee      : ink yun dba?
02:05 HeavenlyEye   : oo men
02:05 HeavenlyEye   : o kaya wither rose
02:06 HeavenlyEye   : hirap makuha wither rose eh
03:45 Seraveee placed suspicious WATER_BUCKET @ world: x283, z440
06:42 CrizzyBoi     : yoo
06:43 HeavenlyEye   : sap
06:43 CrizzyBoi     : otw to -2000
06:43 HeavenlyEye   : for wat
06:43 CrizzyBoi     : idk yet tignan ko ano meron dun
06:43 HeavenlyEye   : haha
11:19 Dane          :  placed a sign @ world: x-123, z-415
  ^     ^
  ----
                 -Dane
21:03 CrizzyBoi     : yooo wsg
21:03 HeavenlyEye   : sapp
21:03 CrizzyBoi     : i found a forest
21:03 HeavenlyEye   : nays
21:04 HeavenlyEye   : no sleep mga brad
21:04 CrizzyBoi     : egis erps
22:45 CrizzyBoi : nel
22:47 HeavenlyEye: sap ser
22:48 CrizzyBoi  : san yung portal papunta end
22:48 HeavenlyEye: tpa ka sken
23:00 CrizzyBoi  : san makikita yung ibang island dito sa end?
23:07 CrizzyBoi  : nahanap ko na yung mga parot
23:07 Seraveee   : meorn nako
23:07 CrizzyBoi  : nka hanap ako ng forest eh
23:07 CrizzyBoi  : lol
23:07 CrizzyBoi  : -2.9k amp haahhah
23:08 Seraveee   : ez lang yan pag may elytra ka
23:28 Seraveee   : nel ilan netherite ned para sa isang armor
23:29 HeavenlyEye: apat men
23:29 HeavenlyEye: ay wait
23:29 HeavenlyEye: ung ingot ba?
23:29 Seraveee   : 4 na netherite ko eh
23:29 HeavenlyEye: pag ingot isa lang tas go to smithing table
23:30 Seraveee   : 4 netherite= 1 ingot ba?
23:30 HeavenlyEye: yessir
23:30 HeavenlyEye: 4 scrap and 4 gold
