01:20 2izey placed suspicious TROPICAL_FISH_BUCKET @ world: x-1, z226
01:41 2izey placed suspicious WATER_BUCKET @ world: x42, z237
01:44 2izey placed suspicious WATER_BUCKET @ world: x32, z237
01:44 2izey placed suspicious WATER_BUCKET @ world: x32, z237
01:44 2izey placed suspicious WATER_BUCKET @ world: x32, z237
01:44 2izey placed suspicious WATER_BUCKET @ world: x32, z236
01:44 2izey placed suspicious WATER_BUCKET @ world: x32, z236
01:45 2izey placed suspicious WATER_BUCKET @ world: x7, z219
01:50 2izey placed suspicious WATER_BUCKET @ world: x-1, z226
01:50 2izey placed suspicious WATER_BUCKET @ world: x-1, z227
01:50 2izey placed suspicious AXOLOTL_BUCKET @ world: x35, z237
01:50 2izey placed suspicious AXOLOTL_BUCKET @ world: x35, z237
02:25 2izey placed suspicious WATER_BUCKET @ world: x10, z208
02:25 2izey placed suspicious WATER_BUCKET @ world: x11, z206
02:25 2izey placed suspicious WATER_BUCKET @ world: x12, z207
02:25 2izey placed suspicious WATER_BUCKET @ world: x12, z209
02:25 2izey placed suspicious WATER_BUCKET @ world: x12, z212
02:25 2izey placed suspicious WATER_BUCKET @ world: x12, z214
02:25 2izey placed suspicious WATER_BUCKET @ world: x11, z212
02:25 2izey placed suspicious WATER_BUCKET @ world: x10, z211
02:36 2izey placed suspicious WATER_BUCKET @ world: x18, z236
02:36 2izey placed suspicious WATER_BUCKET @ world: x18, z236
02:36 2izey placed suspicious WATER_BUCKET @ world: x18, z236
02:36 2izey placed suspicious WATER_BUCKET @ world: x17, z236
02:36 2izey placed suspicious WATER_BUCKET @ world: x17, z236
02:36 2izey placed suspicious WATER_BUCKET @ world: x17, z236
02:40 2izey placed suspicious WATER_BUCKET @ world: x19, z236
02:40 2izey placed suspicious WATER_BUCKET @ world: x20, z236
02:40 2izey placed suspicious WATER_BUCKET @ world: x22, z236
02:40 2izey placed suspicious WATER_BUCKET @ world: x23, z236
02:49 2izey placed suspicious WATER_BUCKET @ world: x23, z236
02:49 2izey placed suspicious WATER_BUCKET @ world: x22, z236
02:49 2izey placed suspicious WATER_BUCKET @ world: x21, z236
02:49 2izey placed suspicious WATER_BUCKET @ world: x20, z236
02:57 2izey placed suspicious WATER_BUCKET @ world: x22, z233
02:57 2izey placed suspicious WATER_BUCKET @ world: x19, z233
03:14 2izey placed suspicious AXOLOTL_BUCKET @ world: x37, z237
03:43 2izey placed suspicious WATER_BUCKET @ world: x23, z231
03:46 2izey placed suspicious WATER_BUCKET @ world: x24, z235
03:46 2izey placed suspicious WATER_BUCKET @ world: x24, z236
03:50 LeM0N0     : daengay
03:51 Dane       : yow
03:51 LeM0N0     : san yung bundok na yon
03:51 LeM0N0     : pinuntahan mo
03:51 Dane       : ha
03:56 2izey      : dane pautang 4 dia
03:56 Dane       : wala hehe
03:56 2izey      : egis
03:56 Dane       : arat hanap
03:57 LeM0N0     : bat wala ka sa discrod
03:57 2izey      : arat
03:57 Dane       : teka
03:57 Dane       : puno chest ko
03:58 LeM0N0     : 214 69 420
04:02 Dane       : u have pud?
04:02 2izey      : penge
04:03 2izey      : salamas
04:03 Dane       : yah kaso mabilis maubos yarn
04:04 2izey      : okay lang diet ako
04:04 LeM0N0     : junel
04:04 LeM0N0     : arat na ba?
04:04 LeM0N0     : ender dragon
04:04 Dane       : stream nayarn
04:04 HeavenlyEye: yee may 16 ender eye nako kahapon pa haha
04:04 HeavenlyEye: dpat kahapon ko papatayin eh lol
04:04 LeM0N0     : buti di mo pinatay
04:04 HeavenlyEye: gust2 ko na nang elytra lol
04:04 LeM0N0     : tra
04:04 HeavenlyEye: tired of walking
04:04 Dane       :  placed a sign @ world: x241, z414
  ^   ^
  ----
               -Dane
04:05 LeM0N0     : penge ako iron
04:05 Dane       : ilanm
04:05 LeM0N0     : mag iron set lang ako
04:05 Dane       : madami pala si junel
04:05 LeM0N0     : oo may golem farm yan ih
04:05 HeavenlyEye: ye i got 5 double chest of irons
04:05 LeM0N0     : penge isang stack
04:05 Dane       : nahalls
04:06 2izey      : gime permit
04:06 HeavenlyEye: kuha lang
04:06 LeM0N0     : taas nun e
04:06 2izey      : permis
04:06 Dane       : ha
04:06 2izey      : gime permission
04:06 Dane       : naka claim ba?
04:06 2izey      : oo
04:06 Dane       : oh di ko alam
04:06 Dane       : how
04:06 2izey      : slash trust
04:06 2izey      : ata
04:06 HeavenlyEye: yessir
04:06 Dane       : trust mo muka mo
04:06 HeavenlyEye: hala haha
04:06 2izey      : la
04:07 2izey      : haha
04:07 HeavenlyEye: rico gagi magdiamond ka
04:07 Dane       : hahaha trusted shi
04:07 HeavenlyEye: mamamatay ka kaagad sa drag
04:07 LeM0N0     :  placed a sign @ world: x229, z415
  R.I.P
  Ken Hurts Gun
  Dam
  1999-2022
04:07 Dane       : matibay naman yan
04:07 LeM0N0     : bat may
04:07 LeM0N0     : libingan dito sa bahay mo
04:08 2izey      :  placed a sign @ world: x269, z428
  ^
04:08 HeavenlyEye: mending villager ko yan haha
04:08 LeM0N0     : wala ko diamond e
04:08 Dane       :  placed a sign @ world: x231, z415
  ULOL 
04:09 LeM0N0     : di aabot
04:09 HeavenlyEye: sandale lang kelangan ko m,ag travel papunta stronghold
04:09 HeavenlyEye: wala akong sethome don haha
04:09 2izey      :  placed a sign @ world: x269, z428
    ^  ^  
       \   /     
         \/       
04:09 2izey      : arat na
04:09 LeM0N0     :  placed a sign @ world: x274, z428
  Tondo
  Fast
  Travel
04:10 Dane       :  placed a sign @ world: x269, z428
  HALLELUJAH
  JEEZuZ CHRIS
04:10 HeavenlyEye: ah hallelujah jeezuz chris
04:10 HeavenlyEye: nice
04:10 Dane       :  placed a sign @ world: x269, z428
  HUWAT
04:10 Dane       : hala
04:10 HeavenlyEye: i can see every sign message made haha
04:10 Dane       : pano
04:10 Dane       : wtf
04:10 Dane       : hahahahhahaha
04:10 LeM0N0     : admin
04:10 LeM0N0     : powers
04:10 HeavenlyEye: yesser
04:10 Dane       : nice hahahaha
04:11 Dane       : marami akong sign jarn
04:11 2izey      :  placed a sign @ world: x274, z428
  tangina mo rico
04:11 HeavenlyEye: gagi ahahha
04:11 LeM0N0     :  placed a sign @ world: x274, z428
  Ear meat ugh
04:11 Dane       : may memories shi ako sa mga place nila
04:11 2izey      :  placed a sign @ world: x276, z430
  rico bobo
04:11 Dane       : hahahha
04:11 HeavenlyEye: travel lang ako sa stronghold men lol
04:11 Dane       : lagyan ko din sayo?
04:11 HeavenlyEye: memories sheeesh
04:12 2izey      : dane san yung mine nyo dto
04:12 Dane       :  placed a sign @ world: x269, z428
  FVCK MEMORIES
04:12 HeavenlyEye: kalma
04:12 LeM0N0     :  placed a sign @ world: x269, z428
  www.facebook
  .com/RaeruSama
04:12 Dane       : YUNG PINUNTAHAN NATIN ?
04:12 2izey      : oo
04:12 Dane       : ARAT
04:12 LeM0N0     : lmao
04:13 Dane       :  placed a sign @ world: x269, z428
  FVCK VRSELF 
  HATDOGH
04:13 Dane       : ARAT
04:13 2izey      :  placed a sign @ world: x274, z428
  Pinayflix
04:13 Dane       : TEKA KUNIN KO SHIKEN KOFOOF
04:13 HeavenlyEye: the wat
04:13 LeM0N0     : sino may diamond armor
04:13 LeM0N0     : baka naman pwede mahiram
04:14 LeM0N0     : AHAHAHAHAHAHA
04:14 2izey      : sa korean house
04:14 2izey      : meron
04:14 2izey      : naka display
04:14 Dane       : OTID MAY SWORD ERP
04:14 LeM0N0     : armor need ko ih
04:14 LeM0N0     : baka mag bow ako
04:14 Dane       : egis
04:14 LeM0N0     : sa ender
04:14 Dane       : mine palang kami dia
04:14 LeM0N0     : hiram lang naman ng armor
04:14 HeavenlyEye: bow pinaka effective eh
04:14 HeavenlyEye: pag sa land sword na kelangan
04:14 LeM0N0     : wala pa pala si crizzy
04:15 LeM0N0     : teka set up ko lang live ko
04:15 Dane       : pinuyat e
04:15 Dane       : come here shinb
04:16 Dane       : hoy chill
04:16 2izey      : hahahahaha
04:16 Dane       : abilis ko magutom
04:16 HeavenlyEye: u in nether?
04:16 Dane       : walk lang ako w
04:17 LeM0N0     :  placed a sign @ world: x285, z423
  DIYOS
04:17 2izey      : giangawa mo
04:17 2izey      : hgaha
04:17 Dane       : gimme space
04:18 Dane       : ay teka
04:18 Dane       : tp ka sakin
04:18 Dane       : palow me
04:19 LeM0N0     : tignan nyo tong trono ko
04:19 LeM0N0     : mga hampas lupa
04:19 LeM0N0     : hoy
04:19 LeM0N0     : wag nyo
04:19 LeM0N0     : baklasin
04:19 Dane       : hoy
04:19 Dane       : di ka dito
04:19 2izey      : arat na babawiin
04:19 2izey      : na yung pickaxe maya maya
04:19 LeM0N0     :  placed a sign @ world: x285, z423
  DIYOS
04:19 2izey      : HAHAHA
04:20 LeM0N0     :  placed a sign @ world: x285, z423
  DIYOS
04:20 Dane       : gumagamit ng powers amp
04:20 LeM0N0     : observer lang ako
04:20 Dane       : sus
04:20 LeM0N0     : sige pag nakitaan mo ko ng mga OP items
04:20 LeM0N0     : papasara ko na tong server
04:20 Dane       : wala ako sinabi hehea
04:21 LeM0N0     : ogil lang ako
04:21 LeM0N0     : taen
04:21 Dane       : baho m
04:23 Dane       : alaws ata janw
04:26 2izey      : usee that
04:26 Dane       : huh
04:26 2izey      : ap der
04:26 2izey      : ako pahampas mo
04:26 2izey      : may fortune ung pickaxe
04:26 2izey      : hoy
04:26 2izey      : stopl
04:26 Dane       : ay sorry
04:26 Dane       : yhahaha
04:27 2izey      : hahahahaha
04:27 2izey      : sige lang
04:27 Dane       : too late
04:27 Dane       : norem pa jan
04:27 Dane       : yung di ko nakuha
04:29 2izey      : san kana
04:29 Dane       : di ko din alam
04:30 2izey      : san ka dumaan
04:34 2izey      : da ne
04:34 2izey      : balik
04:36 2izey      : ieto pala
04:36 2izey      : HAHAHa
04:38 2izey      : tp ka
04:38 2izey      : tpaccept
04:38 2izey      : ay
04:38 Dane       : hahahhahah
04:39 2izey      : may malaking lugar pa daw
04:39 2izey      : dun*
04:40 Dane       : bat sino nagsabi?
04:40 Dane       : zombie?
04:40 2izey      : dami
04:40 2izey      : diamond
04:41 Dane       : aer
04:41 Dane       : wer
04:41 2izey      : dito
04:42 2izey      : wala jan
04:45 2izey      : san to
04:45 Seraveee placed suspicious WATER_BUCKET @ world: x239, z470
04:45 Dane       : idunno ahhaha
04:45 2izey      : ghhahaha
04:48 LeM0N0     : /w 2izey pepe mabantot 
04:48 LeM0N0     : dane
04:48 LeM0N0     : may nalampasan ka
04:49 LeM0N0     : /w dane akyat ka ulit 
04:49 LeM0N0     : wag muna
04:49 LeM0N0     : wait mo rae
04:49 Dane       : si rae kukuha niyan
04:49 Dane       : wala akong fortune
04:49 Dane       : u have food?
04:50 HeavenlyEye: i got porkchops
04:50 LeM0N0     : kunin mo daw
04:50 LeM0N0     : sabi ni rae
04:52 HeavenlyEye: drag nba?
04:52 Seraveee   : mahina pa sila eh
04:52 HeavenlyEye: respawn nyo nlang ulit haha solo ko nlang muna
04:53 LeM0N0     : panget
04:53 LeM0N0     : bat ba gusto mo patayin
04:53 HeavenlyEye: elytra
04:53 HeavenlyEye: killing dragon gives slytra
04:53 LeM0N0     : pano ba spawn ulit yun
04:53 Seraveee   : bat wla ako nakukuha exp
04:53 HeavenlyEye: apat na nether star
04:53 LeM0N0     : kaw bahala
04:53 LeM0N0     : go
04:54 HeavenlyEye: bka napupunta sa mending na equipment mo charles
04:54 Seraveee   : oh
04:54 HeavenlyEye: no keep inventory sa end para malupet
04:54 LeM0N0     : yes
04:54 LeM0N0     : pwede ba i-on and off
04:55 HeavenlyEye: naka off pa sa end since by dimension kelangan activate ung command
04:55 LeM0N0     : lets leave it like that
04:55 LeM0N0     : then
04:55 HeavenlyEye: sa overworld ska nether lang nakaactivate
04:56 Dane       : may nakuha ka na?
04:56 LeM0N0     : junel
04:56 2izey      : ya
04:56 LeM0N0     : kumuha ko 2stacks ng iron
04:56 2izey      : bigay ko sayo later
04:56 Dane       : hindi that's yours hahaha
04:56 Dane       : keep it
04:56 2izey      : luh
04:56 Dane       : luhbabo
04:57 2izey      : ykaya nga nag fortune eh para may extra
04:57 Dane       : that's for u hahahah
04:58 HeavenlyEye: sino kelangan food marami d2 sa taas nang nether lol
04:58 Dane       : meeee
04:58 HeavenlyEye: tp lang
04:58 Dane       : dito ko kaninahahaha
04:58 Dane       : wait
04:58 2izey      : ay dito kaba
04:58 Dane       : hala bat flat to ahhaha
04:58 2izey      : haha
04:59 HeavenlyEye: bedrock ung taas nang nether
04:59 Dane       : hanap ka pa jan baka may nalagpasan ako
04:59 HeavenlyEye: glitch pag akyat
04:59 Dane       : ohhh
04:59 LeM0N0     : junels merons kas bangs arrows
04:59 Dane       : dami jhahahah
04:59 HeavenlyEye: mag sethome ka d2 pag gust2 mo food afk klang sa taas
04:59 HeavenlyEye: wala brad eh hahaa
05:00 HeavenlyEye: tinapon ko lahat nang arrows galing sa mob farm
05:00 Dane       : di ako mag ispawn sa house ko?
05:00 HeavenlyEye: pede ka mag /sethome other_name
05:00 HeavenlyEye: pede na multiple sethomes
05:00 Dane       : ohh
05:00 HeavenlyEye: pede mo pangalan /sethome food lol
05:01 HeavenlyEye: tas gawin mo lang /home food
05:01 Dane       : oteeey thank youu
05:01 HeavenlyEye: np
05:02 Dane       : hala
05:02 Dane       : hahaha
05:02 Dane       : di ko alam pano bumalik sa bahay ko
05:02 HeavenlyEye: gawin mo /home bed
05:02 HeavenlyEye: tignan mo kung may bed option
05:02 Dane       : wala hahaha
05:02 HeavenlyEye: ahahahhaa
05:03 HeavenlyEye: wala ka atang sethome sa bahay mo
05:03 Dane       : jahahhaha
05:03 LeM0N0     : epal ka
05:03 HeavenlyEye: geh geh tpa ka saken w8 lang
05:03 LeM0N0     : takot
05:03 LeM0N0     : AHAHAHAHAHa
05:03 Dane       : eguls sayo \
05:03 Dane       : nawala sword ko
05:03 LeM0N0     : bugok
05:04 2izey      : napunta sa kabilang
05:04 2izey      : kamay mo
05:04 LeM0N0     : lagi mo tinatapon
05:04 HeavenlyEye: mag sethome ka d2 sa bahay mo haha'
05:04 HeavenlyEye: para pede kna pabalik balik
05:05 HeavenlyEye: kuha lang
05:05 LeM0N0     : charles penge arrow
05:05 HeavenlyEye: afk lang sa taas if u need more
05:06 Dane       : bye thanks hahaha
05:06 HeavenlyEye: ahaha
05:08 Seraveee   : tulong
05:08 HeavenlyEye: actually keepinventory will be on during dragon fight
05:08 HeavenlyEye: off after
05:09 HeavenlyEye: void kalaban sa end haha
05:09 Dane       : ano yan ahahahah
05:09 Seraveee   : alin
05:09 Dane       : yung book
05:09 LeM0N0     : kim book bok
05:09 Seraveee   : pangit
05:09 Dane       : parang ikaw?
05:10 Seraveee   : nel panu ibalik durability ng tools pag naka mending
05:10 Seraveee   : dapat ba yun gamitin ko?
05:10 HeavenlyEye: pede me offhand habang nag afk fish farm ka haha
05:10 HeavenlyEye: para ma repair
05:10 HeavenlyEye: experience kelangan sa mending
05:11 Dane       :  placed a sign @ world: x274, z428
  RICO
  BANO
  SA
  2022
05:11 Dane       : SHH JUNEL
05:14 Dane       :  placed a sign @ world: x56, z205
  ^    ^
  ----
                 -Dane
05:16 LeM0N0     : trust issues amp
05:16 LeM0N0     : naki gamit lang naman ng crafting
05:17 LeM0N0     : penge lapis
05:17 LeM0N0     : more
05:17 LeM0N0     : more
05:17 Seraveee   : dane
05:17 LeM0N0     : more
05:17 Seraveee   : may ginagawa kba
05:17 Dane       : ha
05:17 LeM0N0     : ty
05:17 Dane       : mejo
05:18 Dane       : lemon
05:18 Dane       : watch ka otid
05:18 Dane       : papatulong ka ba mag bawas ng dirts?
05:28 2izey      : la
05:28 LeM0N0     : rae
05:28 LeM0N0     : baba ka room2
05:39 LeM0N0     : junel
05:44 HeavenlyEye: yo
05:44 LeM0N0     : junel
05:44 LeM0N0     : do u have
05:44 LeM0N0     : pickaxe
05:44 LeM0N0     : na may
05:44 LeM0N0     : fortune?
05:44 HeavenlyEye: meron brad
05:44 HeavenlyEye: extra?
05:44 LeM0N0     : no
05:44 LeM0N0     : just wanna borrow
05:44 LeM0N0     : for a quick sec
05:45 HeavenlyEye: geh geh
05:45 LeM0N0     : wtf
05:45 LeM0N0     : wait
05:45 LeM0N0     : meron pa dito e
05:46 HeavenlyEye: oh shi may spawner
05:46 LeM0N0     : ty
05:46 HeavenlyEye: np ser\
05:52 LeM0N0     : junel
05:52 LeM0N0     : can i borrow again?
05:53 HeavenlyEye: kinakalaban ko drag brad haha
05:53 LeM0N0     : what is that
05:53 HeavenlyEye: dragon
05:53 LeM0N0     : ay shit
05:53 LeM0N0     : sige sgige
05:53 LeM0N0     : gl
06:01 HeavenlyEye: bat prang humirap ung dragon wtf
06:04 LeM0N0     : oks ka na junel?
06:04 LeM0N0     : pahiram na ko
06:04 LeM0N0     : junel
06:08 HeavenlyEye: wtf dami pla diamond d2 sa mineshaft lol
06:09 LeM0N0     : malalim na mineshaft to
06:09 HeavenlyEye: nvm lol
06:09 HeavenlyEye: di ko pa na explore
06:09 LeM0N0     : pwede pahiram muna netong pickaxe
06:09 LeM0N0     : para di ka pabalik balik
06:09 HeavenlyEye: geh lang
06:09 LeM0N0     : ty
06:10 HeavenlyEye: pag gust2 nyo na kalabanin ung drag craft lang kau nang nether stars
06:10 HeavenlyEye: apat kelangan
06:10 LeM0N0     : na ano?
06:10 HeavenlyEye: nether starts
06:10 LeM0N0     : ge ge
06:25 LeM0N0     : rip
06:52 HeavenlyEye: san na pick ko men haha
06:52 P2NK0      : he lost it
06:52 HeavenlyEye: wut
06:53 LeM0N0     : :o
06:53 LeM0N0     : i accidentally swallowed it
06:53 HeavenlyEye: ill just give command then lol
06:53 LeM0N0     : i stil lhave it
06:54 HeavenlyEye: oh shi i forgot u cant burn netherite tools daf
06:55 HeavenlyEye: need ko na pick sir haha underground base making
06:56 LeM0N0     : how tdo u set multiple homes
06:56 HeavenlyEye: gawin mo /sethome name
06:56 HeavenlyEye: tas /home name
07:32 LeM0N0     : /w P2NK0 :* 
07:33 LeM0N0     : /w P2NK0 I will eat ur ass 
07:34 LeM0N0     : /w P2NK0 /w (Name) 
07:34 P2NK0      : /w LeMONO floof 
07:34 LeM0N0     : june
07:34 LeM0N0     : junel
07:40 HeavenlyEye: yo
07:58 LeM0N0     : ty
07:58 HeavenlyEye: ty ser
20:03 Seraveee  : nel
20:04 HeavenlyEye: yo
20:04 Seraveee   : admin ka dba
20:04 HeavenlyEye: yesser
20:05 Seraveee   : hndi ko ma buksan chest ko dito sa bahay kasi naka claim kay rico
20:05 2izey      : fire aspect sa sword no?
20:05 HeavenlyEye: haha
20:05 HeavenlyEye: fire aspect is gud or bad
20:05 HeavenlyEye: sa claims men di ko alam kung pano mag trust sa claim nung isang player eh
20:06 HeavenlyEye: bat ba na claim haha
20:07 Seraveee   : sinira nya kasi chest ko tapos nilagay nya ulit
20:07 Seraveee   : na claim nya ata
20:07 Seraveee   : hndi ko kasi na claim pa yung ligar
20:07 Seraveee   : hintayin ko nalang sya maya
20:07 HeavenlyEye: ohhh haHA message mo nlang sha men
20:09 2izey      : penge
20:09 Seraveee   : anu
20:10 Seraveee   : ito
20:10 2izey      : lag dito yawa
20:10 2izey      : puro animal
20:52 Seraveee   : dia ba hinahanap mo?
20:52 2izey      : oo
20:52 Seraveee   : -58 maganda mag hanap
20:53 2izey      : dun ako galing eh
20:53 2izey      : nakaka 40 na me
20:53 Seraveee   : baka naman
20:55 2izey      : pano pujmunta sa ender
20:55 HeavenlyEye: portal
20:55 2izey      : meron naba
20:55 HeavenlyEye: tpa ka saken
20:55 HeavenlyEye: yeah tinalo ko na drag khapon
20:55 2izey      : wait
20:55 HeavenlyEye: respawn nyo nlanhulit kung gust2 nyo kalabanin
20:57 HeavenlyEye: mag sethome ka muna d2
20:58 HeavenlyEye: aight afk muna ako haha
22:04 2izey placed suspicious WATER_BUCKET @ world: x28, z243
22:04 2izey placed suspicious WATER_BUCKET @ world: x27, z243
22:04 2izey placed suspicious WATER_BUCKET @ world: x25, z243
22:04 2izey placed suspicious WATER_BUCKET @ world: x26, z243
22:04 2izey placed suspicious WATER_BUCKET @ world: x23, z243
22:04 2izey placed suspicious WATER_BUCKET @ world: x24, z243
22:04 2izey placed suspicious WATER_BUCKET @ world: x22, z243
22:04 2izey placed suspicious WATER_BUCKET @ world: x21, z243
22:04 2izey placed suspicious WATER_BUCKET @ world: x20, z243
22:04 2izey placed suspicious WATER_BUCKET @ world: x18, z243
22:04 2izey placed suspicious WATER_BUCKET @ world: x19, z243
22:04 2izey placed suspicious WATER_BUCKET @ world: x17, z243
22:04 2izey placed suspicious WATER_BUCKET @ world: x16, z243
22:04 2izey placed suspicious WATER_BUCKET @ world: x15, z243
22:04 2izey placed suspicious WATER_BUCKET @ world: x14, z243
22:04 2izey placed suspicious WATER_BUCKET @ world: x13, z243
22:15 2izey placed suspicious WATER_BUCKET @ world: x27, z227
22:15 2izey placed suspicious WATER_BUCKET @ world: x27, z225
22:15 2izey placed suspicious WATER_BUCKET @ world: x27, z226
22:15 2izey placed suspicious WATER_BUCKET @ world: x27, z228
22:15 2izey placed suspicious WATER_BUCKET @ world: x27, z229
22:15 2izey placed suspicious WATER_BUCKET @ world: x27, z230
22:15 2izey placed suspicious WATER_BUCKET @ world: x27, z231
22:15 2izey placed suspicious WATER_BUCKET @ world: x27, z231
22:15 2izey placed suspicious WATER_BUCKET @ world: x27, z237
22:15 2izey placed suspicious WATER_BUCKET @ world: x27, z238
22:15 2izey placed suspicious WATER_BUCKET @ world: x27, z239
22:15 2izey placed suspicious WATER_BUCKET @ world: x27, z240
22:15 2izey placed suspicious WATER_BUCKET @ world: x27, z241
22:16 2izey placed suspicious WATER_BUCKET @ world: x26, z224
22:18 2izey placed suspicious WATER_BUCKET @ world: x27, z210
22:18 2izey placed suspicious WATER_BUCKET @ world: x27, z211
22:18 2izey placed suspicious WATER_BUCKET @ world: x27, z212
22:18 2izey placed suspicious WATER_BUCKET @ world: x27, z213
22:18 2izey placed suspicious WATER_BUCKET @ world: x27, z214
22:18 2izey placed suspicious WATER_BUCKET @ world: x27, z215
22:18 2izey placed suspicious WATER_BUCKET @ world: x27, z216
22:18 2izey placed suspicious WATER_BUCKET @ world: x27, z217
22:18 2izey placed suspicious WATER_BUCKET @ world: x26, z217
22:19 2izey      : penge
22:19 2izey      : black ink
22:19 Seraveee   : wla
22:23 2izey placed suspicious WATER_BUCKET @ world: x13, z206
22:23 2izey placed suspicious WATER_BUCKET @ world: x14, z206
22:23 2izey placed suspicious WATER_BUCKET @ world: x14, z207
22:23 2izey placed suspicious WATER_BUCKET @ world: x13, z207
22:23 2izey placed suspicious WATER_BUCKET @ world: x15, z207
22:23 2izey placed suspicious WATER_BUCKET @ world: x16, z207
22:23 2izey placed suspicious WATER_BUCKET @ world: x17, z207
22:23 2izey placed suspicious WATER_BUCKET @ world: x18, z207
22:23 2izey placed suspicious WATER_BUCKET @ world: x19, z207
22:23 2izey placed suspicious WATER_BUCKET @ world: x20, z207
22:23 2izey placed suspicious WATER_BUCKET @ world: x21, z207
22:24 2izey placed suspicious WATER_BUCKET @ world: x22, z207
22:24 2izey placed suspicious WATER_BUCKET @ world: x23, z207
22:24 2izey placed suspicious WATER_BUCKET @ world: x24, z207
22:24 2izey placed suspicious WATER_BUCKET @ world: x25, z207
22:24 2izey placed suspicious WATER_BUCKET @ world: x26, z207
22:24 2izey placed suspicious WATER_BUCKET @ world: x27, z207
22:24 2izey placed suspicious WATER_BUCKET @ world: x27, z208
22:25 2izey placed suspicious WATER_BUCKET @ world: x13, z208
22:25 2izey placed suspicious WATER_BUCKET @ world: x13, z209
22:25 2izey placed suspicious WATER_BUCKET @ world: x13, z210
22:25 2izey placed suspicious WATER_BUCKET @ world: x13, z211
22:25 2izey placed suspicious WATER_BUCKET @ world: x13, z212
22:25 2izey placed suspicious WATER_BUCKET @ world: x13, z213
22:25 2izey placed suspicious WATER_BUCKET @ world: x13, z214
22:25 2izey placed suspicious WATER_BUCKET @ world: x13, z215
22:25 2izey placed suspicious WATER_BUCKET @ world: x13, z216
22:25 2izey placed suspicious WATER_BUCKET @ world: x13, z217
22:25 2izey placed suspicious WATER_BUCKET @ world: x13, z218
22:25 2izey placed suspicious WATER_BUCKET @ world: x13, z219
22:25 2izey placed suspicious WATER_BUCKET @ world: x13, z220
22:25 2izey placed suspicious WATER_BUCKET @ world: x13, z221
22:25 2izey placed suspicious WATER_BUCKET @ world: x13, z222
22:25 2izey placed suspicious WATER_BUCKET @ world: x13, z223
22:25 2izey placed suspicious WATER_BUCKET @ world: x13, z229
22:25 2izey placed suspicious WATER_BUCKET @ world: x13, z231
22:25 2izey placed suspicious WATER_BUCKET @ world: x14, z233
22:25 2izey placed suspicious WATER_BUCKET @ world: x13, z234
22:25 2izey placed suspicious WATER_BUCKET @ world: x14, z236
22:25 2izey placed suspicious WATER_BUCKET @ world: x14, z237
22:25 2izey placed suspicious WATER_BUCKET @ world: x14, z238
22:25 2izey placed suspicious WATER_BUCKET @ world: x14, z239
22:25 2izey placed suspicious WATER_BUCKET @ world: x14, z240
22:26 2izey placed suspicious WATER_BUCKET @ world: x14, z230
22:26 2izey placed suspicious WATER_BUCKET @ world: x14, z229
22:26 2izey placed suspicious WATER_BUCKET @ world: x14, z228
22:27 2izey placed suspicious WATER_BUCKET @ world: x14, z227
22:27 2izey placed suspicious WATER_BUCKET @ world: x14, z226
22:27 2izey placed suspicious WATER_BUCKET @ world: x14, z225
22:27 2izey placed suspicious WATER_BUCKET @ world: x14, z224
22:29 2izey placed suspicious WATER_BUCKET @ world: x23, z222
22:29 2izey placed suspicious WATER_BUCKET @ world: x23, z222
22:29 2izey placed suspicious WATER_BUCKET @ world: x24, z220
22:29 2izey placed suspicious WATER_BUCKET @ world: x21, z219
22:29 2izey placed suspicious WATER_BUCKET @ world: x21, z219
22:29 2izey placed suspicious WATER_BUCKET @ world: x20, z217
22:29 2izey placed suspicious WATER_BUCKET @ world: x24, z225
22:29 2izey placed suspicious WATER_BUCKET @ world: x25, z225
22:31 2izey placed suspicious WATER_BUCKET @ world: x20, z225
22:35 2izey placed suspicious WATER_BUCKET @ world: x24, z218
22:35 2izey placed suspicious WATER_BUCKET @ world: x25, z218
22:35 2izey placed suspicious WATER_BUCKET @ world: x23, z218
22:35 2izey placed suspicious WATER_BUCKET @ world: x22, z218
22:35 2izey placed suspicious WATER_BUCKET @ world: x21, z218
22:35 2izey placed suspicious WATER_BUCKET @ world: x20, z218
22:35 2izey placed suspicious WATER_BUCKET @ world: x20, z217
22:36 2izey placed suspicious WATER_BUCKET @ world: x14, z240
22:36 2izey placed suspicious WATER_BUCKET @ world: x14, z239
22:36 2izey placed suspicious WATER_BUCKET @ world: x14, z238
22:36 2izey placed suspicious WATER_BUCKET @ world: x14, z237
22:36 2izey placed suspicious WATER_BUCKET @ world: x14, z236
22:36 2izey placed suspicious WATER_BUCKET @ world: x14, z235
22:36 2izey placed suspicious WATER_BUCKET @ world: x14, z233
22:36 2izey placed suspicious WATER_BUCKET @ world: x14, z232
22:36 2izey placed suspicious WATER_BUCKET @ world: x15, z232
22:36 2izey placed suspicious WATER_BUCKET @ world: x15, z235
22:36 2izey placed suspicious WATER_BUCKET @ world: x15, z236
22:36 2izey placed suspicious WATER_BUCKET @ world: x17, z242
22:36 2izey placed suspicious WATER_BUCKET @ world: x16, z242
22:36 2izey placed suspicious WATER_BUCKET @ world: x14, z242
22:36 2izey placed suspicious WATER_BUCKET @ world: x14, z241
22:36 2izey placed suspicious WATER_BUCKET @ world: x14, z243
22:37 2izey placed suspicious WATER_BUCKET @ world: x15, z243
22:37 2izey placed suspicious WATER_BUCKET @ world: x24, z242
22:46 2izey placed suspicious WATER_BUCKET @ world: x15, z209
22:46 2izey placed suspicious WATER_BUCKET @ world: x15, z208
22:46 2izey placed suspicious WATER_BUCKET @ world: x15, z210
22:46 2izey placed suspicious WATER_BUCKET @ world: x15, z211
22:46 2izey placed suspicious WATER_BUCKET @ world: x15, z212
22:46 2izey placed suspicious WATER_BUCKET @ world: x15, z213
22:46 2izey placed suspicious WATER_BUCKET @ world: x15, z214
22:46 2izey placed suspicious WATER_BUCKET @ world: x15, z215
22:46 2izey placed suspicious WATER_BUCKET @ world: x15, z216
22:46 2izey placed suspicious WATER_BUCKET @ world: x15, z217
22:46 2izey placed suspicious WATER_BUCKET @ world: x15, z218
22:46 2izey placed suspicious WATER_BUCKET @ world: x15, z219
22:46 2izey placed suspicious WATER_BUCKET @ world: x15, z220
22:46 2izey placed suspicious WATER_BUCKET @ world: x15, z221
22:46 2izey placed suspicious WATER_BUCKET @ world: x15, z222
22:46 2izey placed suspicious WATER_BUCKET @ world: x15, z223
22:46 2izey placed suspicious WATER_BUCKET @ world: x14, z223
22:57 2izey placed suspicious WATER_BUCKET @ world: x27, z232
22:57 2izey placed suspicious WATER_BUCKET @ world: x27, z233
22:57 2izey placed suspicious WATER_BUCKET @ world: x27, z234
22:57 2izey placed suspicious WATER_BUCKET @ world: x27, z235
22:57 2izey placed suspicious WATER_BUCKET @ world: x27, z236
22:57 2izey placed suspicious WATER_BUCKET @ world: x27, z237
22:57 2izey placed suspicious WATER_BUCKET @ world: x27, z238
22:57 2izey placed suspicious WATER_BUCKET @ world: x27, z239
23:13 2izey placed suspicious WATER_BUCKET @ world: x27, z241
23:13 2izey placed suspicious WATER_BUCKET @ world: x26, z241
23:13 2izey placed suspicious WATER_BUCKET @ world: x26, z241
23:13 2izey placed suspicious WATER_BUCKET @ world: x27, z242
23:13 2izey placed suspicious WATER_BUCKET @ world: x28, z242
23:13 2izey placed suspicious WATER_BUCKET @ world: x28, z243
23:13 2izey placed suspicious WATER_BUCKET @ world: x27, z243
23:13 2izey placed suspicious WATER_BUCKET @ world: x28, z244
23:13 2izey placed suspicious WATER_BUCKET @ world: x27, z244
23:13 2izey placed suspicious WATER_BUCKET @ world: x26, z243
23:13 2izey placed suspicious WATER_BUCKET @ world: x26, z242
23:13 2izey placed suspicious WATER_BUCKET @ world: x26, z243
23:13 2izey placed suspicious WATER_BUCKET @ world: x26, z243
23:13 2izey placed suspicious WATER_BUCKET @ world: x26, z244
23:13 2izey placed suspicious WATER_BUCKET @ world: x29, z243
23:13 2izey placed suspicious WATER_BUCKET @ world: x29, z244
23:13 2izey placed suspicious WATER_BUCKET @ world: x29, z244
23:13 2izey placed suspicious WATER_BUCKET @ world: x29, z243
23:13 2izey placed suspicious WATER_BUCKET @ world: x25, z244
23:13 2izey placed suspicious WATER_BUCKET @ world: x24, z244
23:13 2izey placed suspicious WATER_BUCKET @ world: x23, z244
23:13 2izey placed suspicious WATER_BUCKET @ world: x22, z244
23:13 2izey placed suspicious WATER_BUCKET @ world: x25, z243
23:13 2izey placed suspicious WATER_BUCKET @ world: x24, z243
23:13 2izey placed suspicious WATER_BUCKET @ world: x23, z243
23:13 2izey placed suspicious WATER_BUCKET @ world: x22, z243
23:13 2izey placed suspicious WATER_BUCKET @ world: x22, z243
23:13 2izey placed suspicious WATER_BUCKET @ world: x23, z243
23:13 2izey placed suspicious WATER_BUCKET @ world: x25, z243
23:13 2izey placed suspicious WATER_BUCKET @ world: x24, z243
23:13 2izey placed suspicious WATER_BUCKET @ world: x21, z243
23:13 2izey placed suspicious WATER_BUCKET @ world: x26, z241
23:13 2izey placed suspicious WATER_BUCKET @ world: x26, z241
23:13 2izey placed suspicious WATER_BUCKET @ world: x26, z241
23:13 2izey placed suspicious WATER_BUCKET @ world: x26, z226
23:14 2izey placed suspicious WATER_BUCKET @ world: x15, z230
23:14 2izey placed suspicious WATER_BUCKET @ world: x15, z231
23:14 2izey placed suspicious WATER_BUCKET @ world: x13, z230
23:14 2izey placed suspicious WATER_BUCKET @ world: x13, z223
23:14 2izey placed suspicious WATER_BUCKET @ world: x14, z223
23:14 2izey placed suspicious WATER_BUCKET @ world: x13, z211
23:14 2izey placed suspicious WATER_BUCKET @ world: x13, z211
23:14 2izey placed suspicious WATER_BUCKET @ world: x13, z210
23:14 2izey placed suspicious WATER_BUCKET @ world: x13, z209
23:14 2izey placed suspicious WATER_BUCKET @ world: x13, z208
23:14 2izey placed suspicious WATER_BUCKET @ world: x13, z207
23:14 2izey placed suspicious WATER_BUCKET @ world: x13, z206
23:14 2izey placed suspicious WATER_BUCKET @ world: x14, z206
23:14 2izey placed suspicious WATER_BUCKET @ world: x15, z207
23:14 2izey placed suspicious WATER_BUCKET @ world: x13, z232
23:14 2izey placed suspicious WATER_BUCKET @ world: x13, z233
23:14 2izey placed suspicious WATER_BUCKET @ world: x14, z234
23:14 2izey placed suspicious WATER_BUCKET @ world: x13, z235
23:14 2izey placed suspicious WATER_BUCKET @ world: x13, z236
23:14 2izey placed suspicious WATER_BUCKET @ world: x13, z237
23:14 2izey placed suspicious WATER_BUCKET @ world: x13, z238
23:14 2izey placed suspicious WATER_BUCKET @ world: x13, z239
23:14 2izey placed suspicious WATER_BUCKET @ world: x13, z240
23:14 2izey placed suspicious WATER_BUCKET @ world: x14, z241
23:14 2izey placed suspicious WATER_BUCKET @ world: x14, z242
23:14 2izey placed suspicious WATER_BUCKET @ world: x15, z243
23:14 2izey placed suspicious WATER_BUCKET @ world: x15, z242
23:14 2izey placed suspicious WATER_BUCKET @ world: x14, z242
23:14 2izey placed suspicious WATER_BUCKET @ world: x14, z243
23:14 2izey placed suspicious WATER_BUCKET @ world: x14, z244
23:14 2izey placed suspicious WATER_BUCKET @ world: x13, z244
23:14 2izey placed suspicious WATER_BUCKET @ world: x15, z244
23:14 2izey placed suspicious WATER_BUCKET @ world: x19, z244
23:14 2izey placed suspicious WATER_BUCKET @ world: x20, z244
23:17 2izey placed suspicious WATER_BUCKET @ world: x14, z208
23:17 2izey placed suspicious WATER_BUCKET @ world: x14, z208
23:17 2izey placed suspicious WATER_BUCKET @ world: x14, z212
23:17 2izey placed suspicious WATER_BUCKET @ world: x14, z210
23:17 2izey placed suspicious WATER_BUCKET @ world: x14, z211
23:17 2izey placed suspicious WATER_BUCKET @ world: x14, z210
23:17 2izey placed suspicious WATER_BUCKET @ world: x14, z211
23:18 2izey placed suspicious WATER_BUCKET @ world: x14, z215
23:18 2izey placed suspicious WATER_BUCKET @ world: x14, z213
23:18 2izey placed suspicious WATER_BUCKET @ world: x14, z213
23:18 2izey placed suspicious WATER_BUCKET @ world: x14, z217
23:18 2izey placed suspicious WATER_BUCKET @ world: x14, z217
23:18 2izey placed suspicious WATER_BUCKET @ world: x14, z217
23:18 2izey placed suspicious WATER_BUCKET @ world: x14, z218
23:18 2izey placed suspicious WATER_BUCKET @ world: x14, z218
23:18 2izey placed suspicious WATER_BUCKET @ world: x14, z218
23:18 2izey placed suspicious WATER_BUCKET @ world: x14, z219
23:18 2izey placed suspicious WATER_BUCKET @ world: x14, z219
23:18 2izey placed suspicious WATER_BUCKET @ world: x14, z219
23:18 2izey placed suspicious WATER_BUCKET @ world: x14, z220
23:18 2izey placed suspicious WATER_BUCKET @ world: x14, z220
23:18 2izey placed suspicious WATER_BUCKET @ world: x14, z220
23:18 2izey placed suspicious WATER_BUCKET @ world: x14, z221
23:18 2izey placed suspicious WATER_BUCKET @ world: x14, z221
23:18 2izey placed suspicious WATER_BUCKET @ world: x14, z221
23:18 2izey placed suspicious WATER_BUCKET @ world: x14, z222
23:18 2izey placed suspicious WATER_BUCKET @ world: x14, z222
23:18 2izey placed suspicious WATER_BUCKET @ world: x14, z222
23:18 2izey placed suspicious WATER_BUCKET @ world: x14, z229
23:18 2izey placed suspicious WATER_BUCKET @ world: x14, z229
23:18 2izey placed suspicious WATER_BUCKET @ world: x14, z229
23:18 2izey placed suspicious WATER_BUCKET @ world: x25, z217
23:18 2izey placed suspicious WATER_BUCKET @ world: x25, z217
23:18 2izey placed suspicious WATER_BUCKET @ world: x25, z217
23:18 2izey placed suspicious WATER_BUCKET @ world: x25, z217
23:21 2izey placed suspicious WATER_BUCKET @ world: x14, z224
23:21 2izey placed suspicious WATER_BUCKET @ world: x14, z224
23:21 2izey placed suspicious WATER_BUCKET @ world: x15, z231
23:21 2izey placed suspicious WATER_BUCKET @ world: x15, z231
23:21 2izey placed suspicious WATER_BUCKET @ world: x15, z231
23:21 2izey placed suspicious WATER_BUCKET @ world: x14, z232
23:21 2izey placed suspicious WATER_BUCKET @ world: x14, z232
23:21 2izey placed suspicious WATER_BUCKET @ world: x14, z232
23:21 2izey placed suspicious WATER_BUCKET @ world: x14, z233
23:21 2izey placed suspicious WATER_BUCKET @ world: x14, z233
23:21 2izey placed suspicious WATER_BUCKET @ world: x14, z233
23:21 2izey placed suspicious WATER_BUCKET @ world: x14, z235
23:21 2izey placed suspicious WATER_BUCKET @ world: x14, z235
23:21 2izey placed suspicious WATER_BUCKET @ world: x14, z235
23:21 2izey placed suspicious WATER_BUCKET @ world: x14, z236
23:21 2izey placed suspicious WATER_BUCKET @ world: x14, z236
23:21 2izey placed suspicious WATER_BUCKET @ world: x14, z236
23:21 2izey placed suspicious WATER_BUCKET @ world: x14, z237
23:21 2izey placed suspicious WATER_BUCKET @ world: x14, z237
23:21 2izey placed suspicious WATER_BUCKET @ world: x14, z237
23:21 2izey placed suspicious WATER_BUCKET @ world: x14, z238
23:21 2izey placed suspicious WATER_BUCKET @ world: x14, z238
23:21 2izey placed suspicious WATER_BUCKET @ world: x14, z238
23:21 2izey placed suspicious WATER_BUCKET @ world: x14, z239
23:21 2izey placed suspicious WATER_BUCKET @ world: x14, z239
23:21 2izey placed suspicious WATER_BUCKET @ world: x14, z239
23:21 2izey placed suspicious WATER_BUCKET @ world: x14, z240
23:21 2izey placed suspicious WATER_BUCKET @ world: x14, z240
23:21 2izey placed suspicious WATER_BUCKET @ world: x14, z240
23:21 2izey placed suspicious WATER_BUCKET @ world: x15, z241
23:21 2izey placed suspicious WATER_BUCKET @ world: x15, z241
23:21 2izey placed suspicious WATER_BUCKET @ world: x15, z241
23:21 2izey placed suspicious WATER_BUCKET @ world: x16, z243
23:21 2izey placed suspicious WATER_BUCKET @ world: x16, z243
23:21 2izey placed suspicious WATER_BUCKET @ world: x16, z243
23:21 2izey placed suspicious WATER_BUCKET @ world: x17, z243
23:21 2izey placed suspicious WATER_BUCKET @ world: x17, z243
23:21 2izey placed suspicious WATER_BUCKET @ world: x17, z243
23:21 2izey placed suspicious WATER_BUCKET @ world: x18, z243
23:21 2izey placed suspicious WATER_BUCKET @ world: x18, z243
23:21 2izey placed suspicious WATER_BUCKET @ world: x18, z243
23:21 2izey placed suspicious WATER_BUCKET @ world: x19, z243
23:21 2izey placed suspicious WATER_BUCKET @ world: x19, z243
23:21 2izey placed suspicious WATER_BUCKET @ world: x19, z243
23:21 2izey placed suspicious WATER_BUCKET @ world: x20, z243
23:21 2izey placed suspicious WATER_BUCKET @ world: x20, z243
23:21 2izey placed suspicious WATER_BUCKET @ world: x20, z243
23:21 2izey placed suspicious WATER_BUCKET @ world: x21, z243
23:21 2izey placed suspicious WATER_BUCKET @ world: x21, z243
23:22 2izey placed suspicious WATER_BUCKET @ world: x14, z229
23:22 2izey placed suspicious WATER_BUCKET @ world: x12, z230
23:22 2izey placed suspicious WATER_BUCKET @ world: x12, z230
23:22 2izey placed suspicious WATER_BUCKET @ world: x12, z230
23:22 2izey placed suspicious WATER_BUCKET @ world: x12, z232
23:22 2izey placed suspicious WATER_BUCKET @ world: x13, z243
23:22 2izey placed suspicious WATER_BUCKET @ world: x13, z243
23:22 2izey placed suspicious WATER_BUCKET @ world: x13, z243
23:22 2izey placed suspicious WATER_BUCKET @ world: x13, z242
23:22 2izey placed suspicious WATER_BUCKET @ world: x13, z242
23:22 2izey placed suspicious WATER_BUCKET @ world: x13, z242
23:53 2izey placed suspicious WATER_BUCKET @ world: x14, z236
23:53 2izey placed suspicious WATER_BUCKET @ world: x14, z236
