04:31 HeavenlyEye: ayo
04:31 HeavenlyEye: sap
04:32 Seraveee   : panu gamitin ung claim?haha
04:32 HeavenlyEye: golden shovel na ung claim men
04:32 HeavenlyEye: di na command'
04:32 Seraveee   : panu un
04:32 HeavenlyEye: pero same process padin
04:32 HeavenlyEye: right click opposite corners
04:32 HeavenlyEye: with gold shovel
04:33 Seraveee   : kailangan may golden shovel ako
04:33 Seraveee   : ?
04:33 HeavenlyEye: yessir
04:36 Seraveee   : anu yang ginagawa mo na mataas?
04:36 HeavenlyEye: afk spot yan men pra sa mob farm
04:36 HeavenlyEye: kelangan ung char 106 above the farm
04:36 Seraveee   : pwede mag creeper farm jan?
04:36 HeavenlyEye: all round mob farm men
04:37 HeavenlyEye: string, bones, gunpowder, rotten flesh
04:37 HeavenlyEye: arrows
04:37 Seraveee   : oh nice
04:37 HeavenlyEye: tignan mo ung baba haha
04:37 HeavenlyEye: dami nang laman
04:38 Seraveee   : shiit dammi na ah
04:38 HeavenlyEye: ez ahahaha
04:38 Seraveee   : panu sila namamatay sa taas?
04:38 HeavenlyEye: tas simple lang ung design
04:38 HeavenlyEye: may bonefires sa dropzone tas hoppers
04:39 HeavenlyEye: pag binuksan mo sa gilig makikita mo structure
04:39 Seraveee   : ohh
04:40 HeavenlyEye: pede na mag sethome multiple times lagyan mo lang nang pangalan after /sethome
04:40 HeavenlyEye: ez travel nako sa desert loll
04:40 HeavenlyEye: wag muna matutulog mag trade ako sa villagers
04:40 Seraveee   : gege
04:40 Seraveee   : wlang limit sethome?
04:40 HeavenlyEye: wala tinanggal ko
04:41 Seraveee   : sa fishing ba dapat sa taas glass?
04:41 HeavenlyEye: mas efficient kpag may sky view
04:43 HeavenlyEye: pag kelangan nyo bonemeal kuha lang d2 haha
04:43 HeavenlyEye: daming bones
04:53 Seraveee   : para saan nga yng punch?
05:12 Crizzy7    : nel
05:12 HeavenlyEye: yo
05:13 Crizzy7    : may eff kna?
05:13 HeavenlyEye: meron men 5
05:13 HeavenlyEye: eff 5
05:13 Crizzy7    : afk mo nakuha?
05:13 Crizzy7    : or trade
05:13 HeavenlyEye: afk
05:13 HeavenlyEye: ung eff 4 sa afk ung isa nung inenchant ko ung pickaxe
05:13 Crizzy7    : ohh nays
05:14 Crizzy7    : pano mo pala sinet up yung multiple chest sa afk
05:14 HeavenlyEye: hoppers and chest magkakapatong
05:17 Crizzy7    : nel maka tulog ka?
05:18 HeavenlyEye: wala brad haha nasa minahan ako
05:18 Crizzy7    : sige
05:38 CrizzyBoi  : nel
05:38 HeavenlyEye: yo
05:38 CrizzyBoi  : pano mag lagay ng permission sa tao?
05:38 HeavenlyEye: admin lang pede maglagay men
05:38 HeavenlyEye: y?
05:38 CrizzyBoi  : diko mabuksan chest ko
05:38 HeavenlyEye: oh sa claim ba?
05:39 CrizzyBoi  : oo
05:39 HeavenlyEye: lagay mo lang /trust playername
05:40 HeavenlyEye: gumana
05:40 CrizzyBoi  : oo
05:40 HeavenlyEye: nays
06:12 Seraveee   : nel
06:13 Seraveee   : saan maganda lagay yung thorns
06:13 HeavenlyEye: sa chest lang ata yan eh
06:13 HeavenlyEye: pero pangit yan brad mabilis masira durability
06:13 HeavenlyEye: doubled
06:13 2izey      : penge po gamit
06:17 Seraveee   : may exp farm kna ba?
06:19 HeavenlyEye: wala pa brad
06:19 HeavenlyEye: sa end ko gagawin ung xp farm
06:24 HeavenlyEye: sap
06:24 2izey      : palimos po buto
06:24 HeavenlyEye: lika
06:25 2izey      : thank you po
06:25 HeavenlyEye: np
06:25 CrizzyBoi  : pa ckeck po
06:26 CrizzyBoi  : whats kulang
06:26 HeavenlyEye: another eff 4 overall okay na
06:26 CrizzyBoi  : copy ser matsala
06:26 HeavenlyEye: eff 5 ung max eh para sa beacon haste
06:28 CrizzyBoi  : nel san maganda lagay yung smte?
06:29 HeavenlyEye: sword brad pero outclassed yan nang sharpness
06:29 CrizzyBoi  : what that mean?
06:29 HeavenlyEye: mas malakas sharpness
06:29 CrizzyBoi  : so sharp over smte
06:29 HeavenlyEye: bane of arthro, sharpness, smite unique yan di pede magkakasama
06:29 HeavenlyEye: yessir
06:30 CrizzyBoi  : copy
06:30 CrizzyBoi  : ano yung bane?
06:30 HeavenlyEye: mas malakas damage sa spiders
06:30 HeavenlyEye: smite pra sa undead mobs
06:30 CrizzyBoi  : ahh icic
06:30 HeavenlyEye: sharpness combination
06:34 Dane       : bakit charles
06:39 CrizzyBoi  : nel baket nag lalagay ng curse of vanish yung iba sa pick
06:39 HeavenlyEye: useful pag pvp
06:39 HeavenlyEye: pra di ma drop haha
06:40 2izey placed suspicious WATER_BUCKET @ world: x48, z202
06:40 2izey placed suspicious WATER_BUCKET @ world: x47, z202
06:40 2izey placed suspicious WATER_BUCKET @ world: x46, z202
06:40 2izey placed suspicious WATER_BUCKET @ world: x36, z202
06:40 CrizzyBoi  : ahhh icic
06:40 2izey placed suspicious WATER_BUCKET @ world: x27, z201
06:40 2izey placed suspicious WATER_BUCKET @ world: x26, z201
06:40 2izey placed suspicious WATER_BUCKET @ world: x28, z201
06:40 HeavenlyEye: sa oras na mamatay char mo masisira weapon xD
06:40 2izey placed suspicious WATER_BUCKET @ world: x20, z202
06:40 CrizzyBoi  : oke
06:40 2izey placed suspicious WATER_BUCKET @ world: x14, z232
06:40 2izey placed suspicious WATER_BUCKET @ world: x17, z240
06:40 2izey placed suspicious WATER_BUCKET @ world: x29, z240
06:40 2izey placed suspicious WATER_BUCKET @ world: x42, z240
06:40 Seraveee   : nel tp ka nga sakin
06:40 2izey placed suspicious WATER_BUCKET @ world: x47, z233
06:40 2izey placed suspicious WATER_BUCKET @ world: x47, z225
06:40 2izey placed suspicious WATER_BUCKET @ world: x48, z224
06:40 2izey placed suspicious WATER_BUCKET @ world: x47, z212
06:41 Seraveee   : panu to yung mahuhulog item sa hopper
06:41 HeavenlyEye: kelangan nang clock nyan men
06:41 Seraveee   : tama ba yan ?haha
06:41 HeavenlyEye: tp ka saken
06:41 Seraveee   : oh dispenser
06:42 2izey placed suspicious WATER_BUCKET @ world: x25, z205
06:42 2izey placed suspicious WATER_BUCKET @ world: x32, z208
06:42 HeavenlyEye: ye tas timer pra ma eject kda item na papasok sa dropper
06:42 2izey placed suspicious WATER_BUCKET @ world: x39, z208
06:42 2izey placed suspicious WATER_BUCKET @ world: x39, z208
06:42 2izey placed suspicious WATER_BUCKET @ world: x47, z209
06:42 HeavenlyEye: dropper men di dispenser
06:42 Seraveee   : hahaha kala ko pwede yun
06:42 Seraveee   : gege salamat
06:42 HeavenlyEye: haha cge cge
06:43 Dane       : patingin bahay mo hehe
06:43 HeavenlyEye: ahaha geh lang
06:44 2izey placed suspicious WATER_BUCKET @ world: x24, z208
06:44 2izey placed suspicious WATER_BUCKET @ world: x47, z220
06:44 2izey placed suspicious WATER_BUCKET @ world: x47, z223
06:44 2izey placed suspicious WATER_BUCKET @ world: x40, z223
06:44 2izey placed suspicious WATER_BUCKET @ world: x44, z218
06:44 2izey placed suspicious WATER_BUCKET @ world: x44, z216
06:44 2izey placed suspicious WATER_BUCKET @ world: x45, z216
06:44 2izey placed suspicious WATER_BUCKET @ world: x43, z216
06:44 2izey placed suspicious WATER_BUCKET @ world: x34, z217
06:44 2izey placed suspicious WATER_BUCKET @ world: x30, z215
06:44 2izey placed suspicious WATER_BUCKET @ world: x30, z223
06:44 2izey placed suspicious WATER_BUCKET @ world: x30, z222
06:44 2izey placed suspicious WATER_BUCKET @ world: x31, z223
06:47 Dane       : how to tp?
06:47 HeavenlyEye: do /tpa name
06:47 Dane       : thanks
06:49 CrizzyBoi  : dane pa help
06:49 Dane       : wet
06:49 Dane       : wer
06:49 Dane       : hahaha
06:49 CrizzyBoi  : tp
06:50 2izey placed suspicious WATER_BUCKET @ world: x46, z207
06:50 2izey placed suspicious WATER_BUCKET @ world: x46, z207
06:50 2izey placed suspicious WATER_BUCKET @ world: x42, z207
06:50 2izey placed suspicious WATER_BUCKET @ world: x42, z207
06:50 2izey placed suspicious WATER_BUCKET @ world: x41, z207
06:50 2izey placed suspicious WATER_BUCKET @ world: x39, z207
06:50 2izey placed suspicious WATER_BUCKET @ world: x38, z207
06:50 2izey placed suspicious WATER_BUCKET @ world: x37, z207
06:50 2izey placed suspicious WATER_BUCKET @ world: x35, z207
06:50 2izey placed suspicious WATER_BUCKET @ world: x24, z202
06:50 2izey placed suspicious WATER_BUCKET @ world: x26, z202
06:50 2izey placed suspicious WATER_BUCKET @ world: x27, z202
06:50 2izey placed suspicious WATER_BUCKET @ world: x29, z202
06:50 2izey placed suspicious WATER_BUCKET @ world: x30, z202
06:50 2izey placed suspicious WATER_BUCKET @ world: x31, z202
06:50 2izey placed suspicious WATER_BUCKET @ world: x33, z202
06:50 2izey placed suspicious WATER_BUCKET @ world: x34, z202
06:50 2izey placed suspicious WATER_BUCKET @ world: x36, z202
06:50 2izey placed suspicious WATER_BUCKET @ world: x37, z202
06:50 2izey placed suspicious WATER_BUCKET @ world: x42, z202
06:50 2izey placed suspicious WATER_BUCKET @ world: x42, z202
06:50 2izey placed suspicious WATER_BUCKET @ world: x48, z202
06:50 2izey placed suspicious WATER_BUCKET @ world: x46, z202
06:50 2izey placed suspicious WATER_BUCKET @ world: x44, z202
06:50 2izey placed suspicious WATER_BUCKET @ world: x40, z202
06:50 2izey placed suspicious WATER_BUCKET @ world: x35, z202
06:50 2izey placed suspicious WATER_BUCKET @ world: x24, z207
06:50 2izey placed suspicious WATER_BUCKET @ world: x24, z204
06:50 2izey placed suspicious WATER_BUCKET @ world: x24, z204
06:50 2izey placed suspicious WATER_BUCKET @ world: x29, z207
06:50 CrizzyBoi  : acc nvm pala ahahaha
06:50 2izey placed suspicious WATER_BUCKET @ world: x22, z202
06:50 2izey placed suspicious WATER_BUCKET @ world: x19, z202
06:50 2izey placed suspicious WATER_BUCKET @ world: x19, z202
06:50 Dane       : amp
06:50 2izey placed suspicious WATER_BUCKET @ world: x17, z202
06:51 2izey placed suspicious WATER_BUCKET @ world: x15, z202
06:51 2izey placed suspicious WATER_BUCKET @ world: x14, z203
06:51 2izey placed suspicious WATER_BUCKET @ world: x14, z205
06:51 2izey placed suspicious WATER_BUCKET @ world: x14, z204
06:51 2izey placed suspicious WATER_BUCKET @ world: x14, z208
06:51 2izey placed suspicious WATER_BUCKET @ world: x14, z211
06:51 2izey placed suspicious WATER_BUCKET @ world: x14, z206
06:51 2izey placed suspicious WATER_BUCKET @ world: x14, z215
06:51 2izey placed suspicious WATER_BUCKET @ world: x14, z213
06:51 2izey placed suspicious WATER_BUCKET @ world: x14, z218
06:51 2izey placed suspicious WATER_BUCKET @ world: x14, z222
06:51 2izey placed suspicious WATER_BUCKET @ world: x14, z220
06:51 2izey placed suspicious WATER_BUCKET @ world: x14, z225
06:51 2izey placed suspicious WATER_BUCKET @ world: x14, z228
06:51 2izey placed suspicious WATER_BUCKET @ world: x14, z230
06:51 2izey placed suspicious WATER_BUCKET @ world: x14, z231
06:51 2izey placed suspicious WATER_BUCKET @ world: x14, z231
06:51 2izey placed suspicious WATER_BUCKET @ world: x14, z235
06:51 2izey placed suspicious WATER_BUCKET @ world: x14, z236
06:51 2izey placed suspicious WATER_BUCKET @ world: x14, z238
06:51 2izey placed suspicious WATER_BUCKET @ world: x14, z240
06:51 2izey placed suspicious WATER_BUCKET @ world: x14, z241
06:52 2izey placed suspicious WATER_BUCKET @ world: x16, z241
06:52 2izey placed suspicious WATER_BUCKET @ world: x17, z241
06:52 2izey placed suspicious WATER_BUCKET @ world: x19, z241
06:52 2izey placed suspicious WATER_BUCKET @ world: x21, z241
06:52 2izey placed suspicious WATER_BUCKET @ world: x23, z241
06:52 2izey placed suspicious WATER_BUCKET @ world: x26, z241
06:52 2izey placed suspicious WATER_BUCKET @ world: x29, z241
06:52 2izey placed suspicious WATER_BUCKET @ world: x32, z241
06:52 2izey placed suspicious WATER_BUCKET @ world: x35, z241
06:52 2izey placed suspicious WATER_BUCKET @ world: x40, z241
06:52 2izey placed suspicious WATER_BUCKET @ world: x38, z241
06:52 2izey placed suspicious WATER_BUCKET @ world: x44, z241
06:52 2izey placed suspicious WATER_BUCKET @ world: x43, z241
06:52 2izey placed suspicious WATER_BUCKET @ world: x46, z241
06:52 2izey placed suspicious WATER_BUCKET @ world: x48, z241
06:52 2izey placed suspicious WATER_BUCKET @ world: x48, z238
06:52 2izey placed suspicious WATER_BUCKET @ world: x48, z235
06:52 2izey placed suspicious WATER_BUCKET @ world: x48, z232
06:52 2izey placed suspicious WATER_BUCKET @ world: x48, z229
06:52 2izey placed suspicious WATER_BUCKET @ world: x48, z226
06:52 2izey placed suspicious WATER_BUCKET @ world: x48, z224
06:52 2izey placed suspicious WATER_BUCKET @ world: x31, z208
06:52 2izey placed suspicious WATER_BUCKET @ world: x33, z208
06:52 2izey placed suspicious WATER_BUCKET @ world: x36, z208
06:52 2izey placed suspicious WATER_BUCKET @ world: x40, z208
06:52 2izey placed suspicious WATER_BUCKET @ world: x43, z208
06:52 2izey placed suspicious WATER_BUCKET @ world: x45, z208
06:52 2izey placed suspicious WATER_BUCKET @ world: x48, z208
06:52 2izey placed suspicious WATER_BUCKET @ world: x48, z211
06:52 2izey placed suspicious WATER_BUCKET @ world: x48, z214
06:53 2izey placed suspicious WATER_BUCKET @ world: x50, z207
06:55 2izey placed suspicious WATER_BUCKET @ world: x46, z216
06:55 2izey placed suspicious WATER_BUCKET @ world: x43, z216
06:55 2izey placed suspicious WATER_BUCKET @ world: x41, z216
06:55 2izey placed suspicious WATER_BUCKET @ world: x42, z216
06:55 2izey placed suspicious WATER_BUCKET @ world: x40, z216
06:55 2izey placed suspicious WATER_BUCKET @ world: x48, z222
06:55 2izey placed suspicious WATER_BUCKET @ world: x46, z222
06:55 2izey placed suspicious WATER_BUCKET @ world: x47, z222
06:57 2izey      : sino po marami sand sa paligid
06:57 HeavenlyEye: gl jan ser haha
06:57 HeavenlyEye: 5000+ blocks away ung desert
06:57 CrizzyBoi  : SLEEEEEEEEEEP im finna die
06:59 2izey      : sadge
07:00 Seraveee   : nel
07:00 HeavenlyEye: yo
07:00 Seraveee   : gusto mo ba dw mag valo?need one sila
07:00 2izey      : pabuhat
07:01 HeavenlyEye: haha rusty ako sir
07:01 2izey      : laro na daw
07:01 HeavenlyEye: geh geh w8 lang
07:02 CrizzyBoi  : ty
07:02 Dane       : y ah
07:03 CrizzyBoi  : need 8 pa pala
07:04 CrizzyBoi  : dane
07:04 CrizzyBoi  : pa tp
07:08 2izey      : sali ka na dc
07:08 2izey      : dane
07:08 2izey placed suspicious WATER_BUCKET @ world: x29, z223
07:08 2izey placed suspicious WATER_BUCKET @ world: x29, z215
07:08 Dane       : bakit?
07:09 2izey      : la lang kung gusto mo lang naman
07:10 2izey placed suspicious WATER_BUCKET @ world: x31, z218
07:10 2izey placed suspicious WATER_BUCKET @ world: x32, z217
07:11 Dane       : may bagyo ingat
07:11 2izey      : ano mang yare
07:11 Dane       : iiyak ka
07:11 2izey      : tapos na
07:12 Dane       : okay
07:15 2izey      : paburaot naman iron
07:18 Dane       : arat
07:18 Dane       : meron me
07:19 2izey      : ah okay na ginamit ko nalang diamonds
07:19 2izey      : y
07:19 Dane       : egis
07:19 Dane       : onis xdd?
07:19 2izey      : idk
07:19 Dane       : oki
07:22 2izey placed suspicious WATER_BUCKET @ world: x21, z228
07:23 2izey placed suspicious WATER_BUCKET @ world: x23, z229
07:23 2izey placed suspicious WATER_BUCKET @ world: x25, z228
07:23 2izey placed suspicious WATER_BUCKET @ world: x21, z230
07:23 2izey placed suspicious WATER_BUCKET @ world: x22, z232
07:25 2izey      : ano pa ibang white block
07:27 2izey      : sry
07:27 2izey      : misclick
07:28 2izey      : ano to
07:28 Dane       : yung pinatay mo
07:29 2izey placed suspicious WATER_BUCKET @ world: x31, z216
07:29 2izey placed suspicious WATER_BUCKET @ world: x31, z222
07:29 2izey placed suspicious WATER_BUCKET @ world: x47, z222
07:30 2izey      : help
07:30 Dane       : wala akong bucket
07:30 2izey      : ala ako iron
07:30 2izey      : panggawa
07:32 2izey      : porket wala akong kama
07:34 2izey      : bat ngayon mo lang
07:34 2izey      : ginawa
07:34 2izey      : o sinabi man lang
07:34 Dane       : alin haha
07:34 2izey      : infinite water
07:34 2izey      : mygod
07:34 Dane       : ha
07:35 Dane       : hoy
07:35 2izey      : wat
07:35 Dane       : nakatakas
07:35 2izey      : wait lang
07:35 Dane       : panis magic
07:35 2izey      : ty po
07:36 Dane       : bat may hagdan don
07:36 2izey      : san
07:36 2izey      : ewan haha
07:37 2izey      : wait
07:37 2izey      : i need white na half block
07:37 Dane       : ano yon
07:37 2izey      : yung ganto
07:38 2izey      : aw
07:39 Dane       : di ko alam pano icraft yon
07:39 2izey      : wait may purple blocks ka
07:39 Dane       : alaws
07:40 2izey      : egis
07:40 2izey      : lam mo bahay ni charles?
07:42 Dane       : di ko mababa
07:42 Dane       : awit
07:42 2izey      : alin
07:43 2izey      : akin na to?
07:43 Dane       : yah
07:43 Dane       : akin na pagkain ko
07:43 2izey      : okay ty
07:43 2izey      : luhj
07:43 2izey      : kala ko
07:43 2izey      : pati to
07:44 Dane       : egis kuha na lang ako sa bahay
07:44 2izey      : okay lang magugutom nalang ako
07:44 Dane       : tela
07:44 Dane       : teka
07:44 2izey      : crizzy may portal kla ?
07:45 HeavenlyEye: double jump nga kau
07:45 CrizzyBoi  : yep
07:45 HeavenlyEye: may fly ba?
07:45 2izey      : la
07:46 2izey      : pa aaccept
07:46 2izey      : di ko nakita hahaha
07:46 2izey      : wait
07:47 2izey      : arigato
07:47 2izey      : crizzy may purple blocks ka
07:48 2izey      : oo
07:50 2izey      : mehehehe bokbokbokbokbok
07:50 Dane       : do u need anything
07:50 2izey      : portal
07:50 Dane       : meron jan
07:51 2izey      : yah
07:52 2izey      : may mining cave kaba
07:56 Dane       : dito
07:57 2izey      : wait
07:57 2izey      : san ka
07:57 Dane       : teka nahulog ako
07:57 HeavenlyEye: try nyu ulit ung bag
08:01 2izey      : okay na siguro to
08:01 2izey      : ahaha
08:03 2izey      : tp
08:03 2izey      : wt
08:03 2izey      : ang onti
08:04 Dane       : hahaha
08:05 2izey      : yan lang hAHAHAHa
08:05 Dane       : kuha ka pa
08:05 Dane       : ?
08:05 2izey      : oo
08:05 2izey      : yung madami na HAHA
08:05 Dane       : egis
08:06 Dane       : tp ka
08:08 HeavenlyEye: no sleep mamaya mga mamser
08:09 2izey      : san ka
08:09 Dane       : dami kalaban sakin
08:09 Dane       : nahulog ako sa hole
08:10 2izey      : dami baboy
08:13 2izey      : san ka
08:14 2izey      : dami
08:14 2izey      : dito
08:15 Dane       : suot ka gold helmet
08:15 2izey      : para san
08:15 Dane       : para di ka nila iattack
08:15 2izey      : di ko knows yan ah
08:15 Dane       : yung mga baboy ramo langs
08:15 Dane       : yung mangaattack
08:16 2izey      : wala ako
08:16 2izey      : gold
08:21 2izey      : b ad
08:22 2izey      : araT?
08:22 Dane       : ge
08:25 2izey      : may mining ka ?
08:25 Dane       : wdym
08:25 2izey      : yung malalim
08:25 Dane       : alawss
08:25 Dane       : ano ba need moi
08:25 2izey      : purple block
08:26 HeavenlyEye: rerestart ko lang ung server guys sandale
08:26 2izey      : ok
08:27 HeavenlyEye: charles rerestart ko lang
08:28 2izey     : kulang pa onti
08:28 2izey     : na quartz
08:28 2izey     : pa pt
08:29 Dane      : egis
08:30 2izey     : nice
08:30 Dane      : hahaha
08:30 Dane      : wait
08:31 2izey     : ty
08:32 2izey     : dahan dahan hahaha
08:36 Dane      : ah shi
08:36 2izey     : hah
08:41 2izey     : damoooo
08:42 Dane      : ha
08:42 2izey     : need ko lumot madami
08:42 Dane      : pano
08:42 2izey     : ung cave malapit ba dito
08:43 Dane      : haha
08:43 2izey     : parang
08:43 2izey     : mali to
08:43 2izey     : ah
08:43 2izey     : hahaha
08:43 Dane      : alam mo yto
08:44 2izey     : ?
08:44 Dane      : otid
08:44 Dane      : di ko kabisado
08:45 2izey     : meron ba talaga
08:45 2izey     : thaha
08:45 Dane      : may 2big yon
08:46 Dane      : hoyt dito
08:46 2izey     : ambilis mo
08:46 2izey     : kasi
08:47 Dane      : pili ka way
08:47 Dane      : malawk yan
08:47 2izey     : baba
08:47 Dane      : ha
08:47 2izey     : ha
08:48 2izey     : san na
08:48 Dane      : ikaw bahala
08:48 Dane      : explore
08:48 Dane      : ka
08:51 2izey     : ikot ikot lang ata tayo
08:51 Dane      : malaki ngha to hahaha
08:51 Dane      : dito ako nakakita ng diamond
08:51 Dane      : di ko nakuha haha
08:52 2izey     : baba pa tayo marmai diamond
08:52 2izey     : dito'
08:53 Dane      : di ko matandaan hahaha
08:53 2izey     : eto
08:53 2izey     : ditooooooo
08:54 Dane      : ge sayo na
08:54 2izey     : dami oh
08:57 2izey     : akyat
08:57 2izey     : hanap tayo nung cave na may damo
08:59 2izey     : balik
08:59 2izey     : HAHAHAHA
08:59 Dane      : hahahaw
08:59 2izey     : isa pa
09:00 2izey     : ayun
09:00 Dane      : woah
09:00 2izey     : na tunog to
09:00 2izey     : pag tinapakan
09:00 2izey     : gather mo na lahat ng kaya mo
09:00 2izey     : para sa bahay mo
09:00 Dane      : parang may music amp
09:03 2izey     : ge hampas
09:03 2izey     : haha
09:04 2izey     : may kobal stonks ka
09:04 Dane      : yan ba
09:04 2izey     : ty
09:05 2izey     : nasira diamond pickaxe
09:07 2izey     : easy
09:07 Dane      : kunin mo
09:09 2izey     : simot
09:09 Dane      : hahaha
09:09 2izey     : tara damo
09:10 2izey     : Hahahahahaha
09:10 Dane      : hay nako ahahah
09:10 2izey     : wala tuloy tp
09:10 Dane      : eto
09:11 Dane      : wait
09:11 Dane      : hanapin
09:11 Dane      : ko
09:11 2izey     : ako din
09:11 Dane      : kita mo?\
09:11 2izey     : oo
09:12 Dane      : hindi ditop hhaha
09:12 2izey     : ay
09:12 2izey     : ano ba itsura
09:12 Dane      : apero goods na to
09:13 2izey     : sino ba gumawa nito
09:13 2izey     : dami butas
09:13 Dane      : ahahah
09:13 2izey     : wait tago ko yung mga nakuha
09:14 Dane      : may backpack mnamna
09:14 2izey     : dami eh
09:14 2izey     : puno ako
09:14 2izey     : kakahilo
09:14 Dane      : tp ka
09:15 Dane      : sunod ka hjahaha
09:15 2izey     : san
09:16 2izey     : wait yung upuan ko
09:16 2izey     : nabaklas
09:16 Dane      : hahaha
09:17 Dane      : hoy
09:17 Dane      : dito aahha
09:19 2izey     : totoo naba to
09:19 Dane      : dito ko nakita yung diamond
09:22 Dane      : pasok daw dc
09:22 2izey     : onis
09:22 Dane      : crizzy
09:23 2izey     : hahaha
09:23 Dane      : ayan
09:23 Dane      : kuns san pumupunta
09:23 2izey     : kelangan ko damo
09:25 Dane      : otid
09:25 2izey     : waiot
09:25 2izey     : tp ako sayo pero wag mo muna accept
09:25 2izey     : may check ako
09:25 Dane      : ge lagns
09:25 2izey     : pag sabi ko g accept mo
09:26 2izey     : accept haha
09:26 2izey     : fa juenauingf
09:26 2izey     : san na
09:26 Dane      : hanap ka
09:27 2izey     : wasit
09:28 2izey     : sino kaaway mo
09:29 Dane      : ha
09:29 2izey     : may nasabog
09:30 Dane      : ano yun
09:30 2izey     : alin
09:30 Dane      : yung tunog
09:30 2izey     : ala un
09:31 Dane      : hahaha malaki to
09:31 Dane      : ano yun nataw
09:31 Dane      : nataw
09:31 2izey     : oo nga hahaha
09:31 Dane      : natawa
09:31 2izey     : gulat ako
09:33 2izey     : hahaha
09:35 2izey     : ano kaya to natawa
09:36 2izey     : ayuuun
09:36 2izey     : ay di pala haha
09:37 2izey     : taas na pala natin
09:38 Dane      : wala dito
09:38 2izey     : wait nga
09:39 2izey     : punta ko sa may cave nila
09:40 2izey     : tp ka?
09:41 2izey     : w
09:58 CrizzyBoi placed suspicious LAVA_BUCKET @ world: x-68, z-447
09:58 CrizzyBoi placed suspicious LAVA_BUCKET @ world: x-69, z-449
09:59 2izey     : ho?
10:01 2izey     : home
10:05 SungJiinWoo: oh shiii
10:05 2izey      : hi pogi
10:05 HeavenlyEye: sap btch
10:05 SungJiinWoo: we moved????
10:05 HeavenlyEye: yeeaaaa
10:05 CrizzyBoi  : hey zadddy
10:05 SungJiinWoo: damn danieell
10:06 SungJiinWoo: wassupp bitcheesss
10:06 SungJiinWoo: backpack???
10:06 SungJiinWoo: wadapak is this xD
10:06 CrizzyBoi  : extra inventory
10:06 SungJiinWoo: must stay in inventory wtff
10:06 SungJiinWoo: eeewwww
10:07 SungJiinWoo: wtf happened to my mending villager????
10:07 HeavenlyEye: it despawned
10:07 SungJiinWoo: ohhhh
10:07 SungJiinWoo: riipp
10:07 HeavenlyEye: no named mobs got purged
10:13 2izey      : need more damo
10:14 CrizzyBoi  : snow tlga to eh
10:14 2izey      : anong snow
10:14 CrizzyBoi  : alam ko tong design na to eh
10:14 CrizzyBoi  : hahahaah
10:15 HeavenlyEye: sap
10:15 SungJiinWoo: langya enchnantd dia kaagad xD
10:15 2izey      : hilig mang hampas
10:15 SungJiinWoo: nawala lang ako ng 2 days ahahahaha
10:15 HeavenlyEye: fully enchanted na netherite nlang kulang lol
10:16 Dane       : tanggalin ko na to?
10:16 2izey      : wag
10:21 Dane       : tanggal mo
10:22 Dane       : ayan
10:22 Dane       : red or blue na flower?
10:23 2izey      : red and blue
10:31 Dane       : aw
10:34 2izey      : gamitin mo sword
10:35 Dane       : san to galing
10:35 2izey      : ewan
10:38 2izey placed suspicious WATER_BUCKET @ world: x42, z230
10:38 2izey placed suspicious WATER_BUCKET @ world: x48, z241
10:38 2izey placed suspicious WATER_BUCKET @ world: x37, z236
10:38 2izey placed suspicious WATER_BUCKET @ world: x37, z238
10:38 2izey placed suspicious WATER_BUCKET @ world: x36, z237
10:38 2izey placed suspicious WATER_BUCKET @ world: x24, z236
10:38 2izey placed suspicious WATER_BUCKET @ world: x26, z231
10:38 2izey placed suspicious WATER_BUCKET @ world: x28, z231
10:38 2izey placed suspicious WATER_BUCKET @ world: x30, z232
10:38 2izey placed suspicious WATER_BUCKET @ world: x29, z240
10:40 2izey      : gawa nyo
10:41 Dane       : naglalakbay
10:41 2izey      : di ko matapos to walang damo
10:41 2izey      : haha
10:42 Dane       : wala ka pang bed rae?
10:42 2izey      : wala
10:42 Dane       : gawa ka hahahaha
10:42 Dane       : logtu
10:42 2izey      : di ko lam
10:43 2izey      : nakikitulog nga lang ako sa yo
10:43 Dane       : egis
10:43 Dane       : may wool ka?
10:43 2izey      : wala
10:49 2izey      : shroomlight
10:52 2izey      : penge pudtrip
10:52 2izey      : ty
10:52 CrizzyBoi  : npnp
10:53 2izey      : kill ti
10:53 2izey      : haha
10:54 Dane       : naglalagay ka ba sa backpack mo ?
10:54 2izey      : minsan
10:54 Dane       : nawawala laman nun
10:54 Dane       : pag namaty
10:54 Dane       : bukas pa langayusin ni junel
10:55 2izey      : ah okay di pa naman ako nag lagay importante
10:55 Dane       : yah nawala amethyst ko kanina
10:55 Dane       : pinalitan na lang niya
10:55 2izey      : kuha ka din kaya ng light
10:55 2izey      : hahaha
10:55 Dane       : meron 6
10:56 Dane       : sakit niya a
10:56 2izey      : muntik nga ko ma 3hits
10:58 2izey      : help
10:58 2izey      : nvm
10:59 Dane       : hahaha'
11:04 Dane       : valo baq?
11:04 2izey      : ha
11:04 Dane       : valo daw
11:04 2izey      : valo baq
11:04 Dane       : hahahha\
11:04 Dane       : papunta muna sa base mo
11:04 Dane       : accept
11:05 2izey      : san na bed ko
11:05 Dane       : di pala kakulay
11:05 2izey      : mahirap kasi gawin yan
11:05 2izey      : daming qurtz need
11:05 2izey      : nakakatmad haha
11:05 Dane       : hala
11:05 Dane       : di nakukuha
11:07 2izey      : bobo mali haha
11:07 2izey      : valo baq
11:07 Dane       : arat
11:08 2izey      : san bed ko muna
11:08 Dane       : wala nga ko wool e
11:08 Dane       : hahaha
11:08 2izey      : dami mo alaga jan
11:10 2izey placed suspicious WATER_BUCKET @ world: x13, z201
11:10 2izey placed suspicious WATER_BUCKET @ world: x23, z201
11:10 2izey placed suspicious WATER_BUCKET @ world: x49, z242
11:10 2izey placed suspicious WATER_BUCKET @ world: x49, z242
11:10 2izey placed suspicious WATER_BUCKET @ world: x13, z242
11:12 2izey      : ano na
11:12 2izey      : ty
11:13 2izey      : crizzy penge damo
11:13 CrizzyBoi  : oak leaves?
11:13 CrizzyBoi  : ohhhh
11:13 CrizzyBoi  : alaws ako nyan se
11:13 CrizzyBoi  : ser*
11:13 2izey      : may alam kaba
11:13 2izey      : na parang ganun sa cave nila
11:13 CrizzyBoi  : wait
11:14 2izey      : tagal ng valorant
11:14 CrizzyBoi  : alaws ka wrk?
11:14 2izey      : meron
11:14 Dane       : arat
11:14 Dane       : gagi
11:14 Dane       : oo nga pala
11:14 2izey      : o ano naman
11:15 Dane       : logtu ka na
11:15 2izey      : di ako inaantok
11:15 2izey      : tara na
11:15 CrizzyBoi  : arat
11:15 CrizzyBoi  : pasok dc
11:15 2izey      : im shy
11:15 2izey      : >.<
14:09 2izey placed suspicious WATER_BUCKET @ world: x35, z220
14:09 2izey placed suspicious WATER_BUCKET @ world: x36, z220
14:09 2izey placed suspicious WATER_BUCKET @ world: x36, z220
16:56 CrizzyBoi  :  placed a sign @ world: x7, z220
  ayuda ni mayor
  Isko Montero
17:20 CrizzyBoi  : ayo
18:18 CrizzyBoi placed suspicious WATER_BUCKET @ world: x-129, z-420
18:18 CrizzyBoi placed suspicious WATER_BUCKET @ world: x-132, z-420
18:19 CrizzyBoi placed suspicious WATER_BUCKET @ world: x-135, z-433
18:19 CrizzyBoi placed suspicious WATER_BUCKET @ world: x-138, z-433
18:19 CrizzyBoi placed suspicious WATER_BUCKET @ world: x-141, z-422
18:21 CrizzyBoi placed suspicious WATER_BUCKET @ world: x-149, z-423
20:15 HeavenlyEye: guys stop ko muna ung server sandali may mga aayusin lang akong configs
20:31 Seraveee  : yo
20:31 HeavenlyEye: sap
20:31 Seraveee   : mas maganda ba pag may curse vanishing ung fishing rod? wla ako may nakukuha na looting at mending eh hah
20:32 HeavenlyEye: di men haha luck of the 3, unb 3, mending okay na
20:32 HeavenlyEye: rare yang looting ska mending isa lang nakuha ko preho sa buong fish farm ko eh haha
20:32 HeavenlyEye: looting 2 and 1 mending book loool
20:32 Seraveee   : oh
20:32 Seraveee   : yung lure maganda rin ba?
20:32 HeavenlyEye: ung lure ksi pra sa isda eh so yes and no
20:32 HeavenlyEye: kung ulam habol mo yes
20:33 Seraveee   : oh shiit pangit pla
20:33 Seraveee   : book lang habol ko haha
20:33 HeavenlyEye: yessir haha
20:33 Seraveee   : ewan ko bat nawala kasi mga villeger jan sa taas
20:33 Seraveee   : yung mending don sayang
20:33 HeavenlyEye: yeah lahat nang walang pangalan na villager na purge haha
20:33 HeavenlyEye: ska animals
20:33 HeavenlyEye: meron akong mending villager d2 saken
20:33 HeavenlyEye: 27 em 1 book
20:34 Seraveee   : shit mahal haha
20:34 HeavenlyEye: may stick to emerald trader ako eh haha
20:34 Seraveee   : wtf
20:34 HeavenlyEye: also string to emerald kaya useful ung mob farm ko
20:34 Seraveee   : nice
20:34 HeavenlyEye: easy emeralds haha
20:37 Seraveee   : asan yung trader
20:37 HeavenlyEye: jan sa dirt house
20:37 HeavenlyEye: nasa kabila ung fletcher
20:38 Seraveee   : saan
20:38 Seraveee   : kailangan ba nakakulong sila?
20:38 HeavenlyEye: di wala pakong pwesto eh ahaha
20:39 HeavenlyEye: kaya jan muna ahaha\
20:39 Seraveee   : oh haha
20:43 Seraveee   : may limit ba to?
20:43 Seraveee   : bawal nako amg trade
20:43 HeavenlyEye: sleep then repeat
20:43 HeavenlyEye: may limit sila kada araw
20:46 Seraveee   : anu yan
20:46 HeavenlyEye: pra sa iron farm xD
20:55 HeavenlyEye: no sleep sir
20:57 Seraveee   : alam mo saan makukuha d2 yung dark oak log?
20:57 HeavenlyEye: sa mga malalaking forest
20:57 HeavenlyEye: kung saan nyo nakita ung mansion
20:57 Seraveee   : may malapit ba d2?
20:57 Seraveee   : d ko alam kung saan un xd
20:58 HeavenlyEye: wala eh kung saan lang ung mansion dun un
