00:00 2izey placed suspicious WATER_BUCKET @ world: x16, z234
00:00 2izey placed suspicious WATER_BUCKET @ world: x16, z234
00:00 2izey placed suspicious WATER_BUCKET @ world: x16, z234
00:00 2izey placed suspicious WATER_BUCKET @ world: x16, z234
00:01 2izey placed suspicious WATER_BUCKET @ world: x16, z231
00:01 2izey placed suspicious WATER_BUCKET @ world: x16, z231
00:01 2izey placed suspicious WATER_BUCKET @ world: x16, z231
00:01 2izey placed suspicious WATER_BUCKET @ world: x16, z231
00:05 2izey      : valo daw kayo
00:11 2izey placed suspicious WATER_BUCKET @ world: x15, z235
00:16 2izey placed suspicious WATER_BUCKET @ world: x15, z206
00:16 2izey placed suspicious WATER_BUCKET @ world: x15, z206
00:16 2izey placed suspicious WATER_BUCKET @ world: x15, z206
00:16 2izey placed suspicious WATER_BUCKET @ world: x13, z205
00:16 2izey placed suspicious WATER_BUCKET @ world: x13, z205
00:16 2izey placed suspicious WATER_BUCKET @ world: x13, z205
00:17 2izey placed suspicious WATER_BUCKET @ world: x1566, z-515
00:17 2izey placed suspicious WATER_BUCKET @ world: x1566, z-515
00:25 2izey placed suspicious WATER_BUCKET @ world: x17, z234
00:25 2izey placed suspicious WATER_BUCKET @ world: x17, z234
00:25 2izey placed suspicious WATER_BUCKET @ world: x17, z234
00:25 2izey placed suspicious WATER_BUCKET @ world: x21, z229
00:25 2izey placed suspicious WATER_BUCKET @ world: x21, z228
00:25 2izey placed suspicious WATER_BUCKET @ world: x21, z227
00:25 2izey placed suspicious WATER_BUCKET @ world: x21, z230
00:25 2izey placed suspicious WATER_BUCKET @ world: x21, z231
00:25 2izey placed suspicious WATER_BUCKET @ world: x21, z232
00:25 2izey placed suspicious WATER_BUCKET @ world: x21, z232
00:25 2izey placed suspicious WATER_BUCKET @ world: x20, z232
00:25 2izey placed suspicious WATER_BUCKET @ world: x19, z232
00:32 2izey placed suspicious WATER_BUCKET @ world: x24, z211
00:32 2izey placed suspicious WATER_BUCKET @ world: x25, z210
00:32 2izey placed suspicious WATER_BUCKET @ world: x21, z221
00:34 2izey placed suspicious WATER_BUCKET @ world: x15, z244
00:34 2izey placed suspicious WATER_BUCKET @ world: x15, z245
00:34 2izey placed suspicious WATER_BUCKET @ world: x15, z245
00:34 2izey placed suspicious WATER_BUCKET @ world: x14, z245
00:34 2izey placed suspicious WATER_BUCKET @ world: x14, z245
00:34 2izey placed suspicious WATER_BUCKET @ world: x14, z245
00:36 2izey placed suspicious WATER_BUCKET @ world: x13, z232
00:36 2izey placed suspicious WATER_BUCKET @ world: x13, z233
00:36 2izey placed suspicious WATER_BUCKET @ world: x13, z234
00:36 2izey placed suspicious WATER_BUCKET @ world: x16, z233
00:36 2izey placed suspicious WATER_BUCKET @ world: x16, z233
00:36 2izey placed suspicious WATER_BUCKET @ world: x16, z233
00:36 2izey placed suspicious WATER_BUCKET @ world: x17, z234
00:37 2izey placed suspicious WATER_BUCKET @ world: x14, z231
00:37 2izey placed suspicious WATER_BUCKET @ world: x15, z231
00:37 2izey placed suspicious WATER_BUCKET @ world: x13, z232
00:37 2izey placed suspicious WATER_BUCKET @ world: x15, z234
00:37 2izey placed suspicious WATER_BUCKET @ world: x15, z233
00:37 2izey placed suspicious WATER_BUCKET @ world: x15, z232
00:37 2izey placed suspicious WATER_BUCKET @ world: x15, z240
00:37 2izey placed suspicious WATER_BUCKET @ world: x15, z239
00:37 2izey placed suspicious WATER_BUCKET @ world: x15, z238
00:37 2izey placed suspicious WATER_BUCKET @ world: x15, z237
00:37 2izey placed suspicious WATER_BUCKET @ world: x15, z236
00:37 2izey placed suspicious WATER_BUCKET @ world: x15, z235
00:37 2izey placed suspicious WATER_BUCKET @ world: x13, z236
00:37 2izey placed suspicious WATER_BUCKET @ world: x13, z237
00:37 2izey placed suspicious WATER_BUCKET @ world: x13, z238
00:37 2izey placed suspicious WATER_BUCKET @ world: x13, z239
00:37 2izey placed suspicious WATER_BUCKET @ world: x13, z240
00:37 2izey placed suspicious WATER_BUCKET @ world: x14, z232
00:37 2izey placed suspicious WATER_BUCKET @ world: x14, z233
00:37 2izey placed suspicious WATER_BUCKET @ world: x14, z236
00:37 2izey placed suspicious WATER_BUCKET @ world: x13, z237
00:37 2izey placed suspicious WATER_BUCKET @ world: x14, z238
00:38 2izey placed suspicious WATER_BUCKET @ world: x16, z232
00:38 2izey placed suspicious WATER_BUCKET @ world: x16, z232
00:38 2izey placed suspicious WATER_BUCKET @ world: x16, z232
00:42 2izey placed suspicious WATER_BUCKET @ world: x15, z222
00:42 2izey placed suspicious WATER_BUCKET @ world: x15, z222
00:42 2izey placed suspicious WATER_BUCKET @ world: x15, z222
00:42 2izey placed suspicious WATER_BUCKET @ world: x15, z222
00:42 2izey placed suspicious WATER_BUCKET @ world: x16, z208
00:42 2izey placed suspicious WATER_BUCKET @ world: x16, z208
00:42 2izey placed suspicious WATER_BUCKET @ world: x16, z208
00:42 2izey placed suspicious WATER_BUCKET @ world: x16, z208
00:43 2izey placed suspicious WATER_BUCKET @ world: x16, z209
00:43 2izey placed suspicious WATER_BUCKET @ world: x16, z210
00:43 2izey placed suspicious WATER_BUCKET @ world: x16, z211
00:43 2izey placed suspicious WATER_BUCKET @ world: x16, z212
00:43 2izey placed suspicious WATER_BUCKET @ world: x16, z213
00:43 2izey placed suspicious WATER_BUCKET @ world: x16, z214
00:43 2izey placed suspicious WATER_BUCKET @ world: x16, z215
00:43 2izey placed suspicious WATER_BUCKET @ world: x16, z216
00:43 2izey placed suspicious WATER_BUCKET @ world: x16, z217
00:43 2izey placed suspicious WATER_BUCKET @ world: x16, z219
00:43 2izey placed suspicious WATER_BUCKET @ world: x16, z221
00:43 2izey placed suspicious WATER_BUCKET @ world: x16, z222
00:45 Seraveee   : hello
00:45 2izey      : identify yourself
00:45 cashmereorange: hi hi sorry i was getting chased lol
00:47 Seraveee      : is that you kao?
00:48 2izey         : good talk
00:49 2izey placed suspicious WATER_BUCKET @ world: x15, z221
00:49 2izey placed suspicious WATER_BUCKET @ world: x15, z219
00:49 2izey placed suspicious WATER_BUCKET @ world: x16, z217
00:49 2izey placed suspicious WATER_BUCKET @ world: x16, z217
00:50 2izey placed suspicious WATER_BUCKET @ world: x16, z218
00:50 2izey placed suspicious WATER_BUCKET @ world: x16, z218
00:50 2izey placed suspicious WATER_BUCKET @ world: x16, z219
00:50 2izey placed suspicious WATER_BUCKET @ world: x16, z216
00:50 2izey placed suspicious WATER_BUCKET @ world: x16, z216
00:50 2izey placed suspicious WATER_BUCKET @ world: x16, z215
00:50 2izey placed suspicious WATER_BUCKET @ world: x16, z215
00:50 2izey placed suspicious WATER_BUCKET @ world: x16, z214
00:50 2izey placed suspicious WATER_BUCKET @ world: x16, z214
00:50 2izey placed suspicious WATER_BUCKET @ world: x16, z213
00:50 2izey placed suspicious WATER_BUCKET @ world: x16, z213
00:50 2izey placed suspicious WATER_BUCKET @ world: x16, z212
00:50 2izey placed suspicious WATER_BUCKET @ world: x16, z212
00:50 2izey placed suspicious WATER_BUCKET @ world: x16, z211
00:50 2izey placed suspicious WATER_BUCKET @ world: x16, z211
00:50 2izey placed suspicious WATER_BUCKET @ world: x16, z210
00:50 2izey placed suspicious WATER_BUCKET @ world: x16, z210
00:50 2izey placed suspicious WATER_BUCKET @ world: x16, z209
00:50 2izey placed suspicious WATER_BUCKET @ world: x16, z209
00:50 2izey placed suspicious WATER_BUCKET @ world: x18, z211
00:50 2izey placed suspicious WATER_BUCKET @ world: x19, z209
00:50 2izey placed suspicious WATER_BUCKET @ world: x18, z209
00:50 2izey placed suspicious WATER_BUCKET @ world: x19, z213
00:50 2izey placed suspicious WATER_BUCKET @ world: x17, z214
00:50 2izey         : hoy
00:51 Seraveee      : bakit
00:51 2izey placed suspicious WATER_BUCKET @ world: x12, z207
00:51 2izey placed suspicious WATER_BUCKET @ world: x12, z207
00:51 2izey placed suspicious WATER_BUCKET @ world: x12, z207
00:53 2izey         : orange
00:53 cashmereorange: yes?
00:53 cashmereorange: omg i didnt see the previous msges
00:53 cashmereorange: i'm Kuya Junnel's friend lol
00:57 2izey placed suspicious WATER_BUCKET @ world: x16, z222
00:58 2izey placed suspicious WATER_BUCKET @ world: x15, z207
00:58 2izey placed suspicious WATER_BUCKET @ world: x15, z206
00:59 2izey placed suspicious WATER_BUCKET @ world: x14, z208
00:59 2izey placed suspicious WATER_BUCKET @ world: x15, z207
00:59 2izey placed suspicious WATER_BUCKET @ world: x14, z208
00:59 2izey placed suspicious WATER_BUCKET @ world: x14, z211
00:59 2izey placed suspicious WATER_BUCKET @ world: x14, z215
00:59 2izey placed suspicious WATER_BUCKET @ world: x14, z213
01:00 2izey placed suspicious WATER_BUCKET @ world: x14, z219
01:00 2izey placed suspicious WATER_BUCKET @ world: x14, z217
01:00 2izey placed suspicious WATER_BUCKET @ world: x14, z222
01:00 2izey placed suspicious WATER_BUCKET @ world: x13, z223
01:00 2izey placed suspicious WATER_BUCKET @ world: x15, z223
01:00 2izey placed suspicious WATER_BUCKET @ world: x14, z218
01:00 2izey placed suspicious WATER_BUCKET @ world: x14, z219
01:00 2izey placed suspicious WATER_BUCKET @ world: x14, z218
01:00 2izey placed suspicious WATER_BUCKET @ world: x14, z217
01:00 2izey placed suspicious WATER_BUCKET @ world: x14, z216
01:00 2izey placed suspicious WATER_BUCKET @ world: x14, z215
01:00 2izey placed suspicious WATER_BUCKET @ world: x14, z214
01:00 2izey placed suspicious WATER_BUCKET @ world: x14, z213
01:00 2izey placed suspicious WATER_BUCKET @ world: x14, z212
01:00 2izey placed suspicious WATER_BUCKET @ world: x14, z211
01:01 2izey placed suspicious WATER_BUCKET @ world: x14, z242
01:01 2izey placed suspicious WATER_BUCKET @ world: x14, z232
01:01 2izey placed suspicious WATER_BUCKET @ world: x14, z232
01:15 2izey placed suspicious WATER_BUCKET @ world: x23, z212
01:15 2izey placed suspicious WATER_BUCKET @ world: x23, z211
06:10 Seraveee placed suspicious WATER_BUCKET @ world: x311, z430
07:24 Seraveee      : nel
07:25 HeavenlyEye   : yo
07:25 Seraveee      : sinu yung sumali kanina
07:25 HeavenlyEye   : anong user?
07:25 Seraveee      : orange ata
07:26 HeavenlyEye   : check ko lang ung console wait
07:26 Seraveee      : orange something
07:26 HeavenlyEye   : cashmereorange?
07:26 Seraveee      : ya
07:26 HeavenlyEye   : si yuki haha
07:26 Seraveee      : ohh sya pla yun
07:26 HeavenlyEye   : yesser
07:27 HeavenlyEye   : gagawa nako xp farm lol
07:27 Seraveee      : yung sa enderman?
07:27 HeavenlyEye   : yep haha i need to reenchant my shit
07:29 HeavenlyEye   : nasa malapit ako sa void men haha
07:29 HeavenlyEye   : bka mahulog ka pag nag tp ka
07:45 CrizzyBoi     : nel
07:46 HeavenlyEye   : yo
22:15 Seraveee      : may xp farm kna?
22:16 HeavenlyEye   : meron na sir natapos ko kagabi
22:16 Seraveee      : panu pumunta don
22:19 HeavenlyEye   : nsa end ung xp farm
22:19 HeavenlyEye   : sa dulo nang island may platform
22:20 Seraveee      : saan ung portal papunta end
22:20 HeavenlyEye   : tpa ka saken
22:21 Seraveee      : mawawala ba item dito?
22:21 HeavenlyEye   : no naka turn on ung keepinventory
22:21 HeavenlyEye   : i think lol
22:21 HeavenlyEye   : sa dulo
22:22 HeavenlyEye   : may ladder d2 men
22:22 Seraveee      : wait lg
22:22 HeavenlyEye   : geh geh
22:22 HeavenlyEye   : nag sethome kba sa portal? lol
22:30 Seraveee      : oo haha
22:30 HeavenlyEye   : nice haha
22:30 Seraveee      : dito makukuha elytra dba?
22:31 HeavenlyEye   : yes sir kelangan mo humanap nang end ship
22:31 HeavenlyEye   : or kill the drag again
22:33 Seraveee      : panu nga ispawn ung dragon?
22:33 Seraveee      : anu kailangan
22:33 HeavenlyEye   : apat na nether star
22:33 Seraveee      : anu un haha
22:33 HeavenlyEye   : tas iplace mo sila sa portal
22:34 HeavenlyEye   : kelangan nang ghast tear para sa recipe
22:34 HeavenlyEye   : ghast tear, ender eye, 7 glass
22:34 Seraveee      : saan makuha ender eye
22:34 HeavenlyEye   : blaze powder + ender eye
22:35 HeavenlyEye   : eye of ender pla twag dun sa isa lol
22:35 Seraveee      : dba ung blaze don lang sa fortress
22:35 HeavenlyEye   : yesser
22:40 HeavenlyEye   : no sleep
23:01 HeavenlyEye   : no sleep again xD
23:01 Seraveee      : nakakita na ako haha
23:01 HeavenlyEye   : nice hahaha
23:12 Seraveee      : annoying ng mga shulker nato
23:12 HeavenlyEye   : yep ik haha
23:12 HeavenlyEye   : kaya maganda dpat may feather falling 4 kna
23:16 Seraveee      : may maganda ba ako makukuha sa castle nato?
23:16 HeavenlyEye   : may mga magagandang diamond tools minsan jan haha
23:16 HeavenlyEye   : pang combine mo sa existing mo
23:17 Seraveee      : anu nga maganda sa elytra ?
23:17 Seraveee      : unbreaking at mending lang?
23:17 HeavenlyEye   : dalawang enchantmend lang pede
23:17 HeavenlyEye   : mending ska unbreakinh
23:19 HeavenlyEye   : would u look at that
23:19 HeavenlyEye   : 1 emerald for a mending book
23:19 HeavenlyEye   : sheesssh
23:19 Seraveee      : wtf
23:19 Seraveee      : panu yan
23:19 HeavenlyEye   : curing zombie villagers sir haha
23:20 HeavenlyEye   : i got 10 mending books now haha
23:22 Seraveee      : may unbreaking jan?
23:22 HeavenlyEye   : wala mending lang ska infinity
23:23 Seraveee      : m,ay mending ba sword mo?
23:23 HeavenlyEye   : meron
23:25 HeavenlyEye   : ung 1 em per meding pla per player lang un
23:25 HeavenlyEye   : kelangan ikaw mag cure nang villager pra sau
23:25 Seraveee      : oh
23:25 HeavenlyEye   : lika
23:25 HeavenlyEye   : pindutin mo ung lever sa baba
23:26 Seraveee      : ayaw
23:26 HeavenlyEye   : left lang haha
23:26 HeavenlyEye   : dont sneak
23:26 HeavenlyEye   : right pla
23:26 Seraveee      : tapos
23:26 HeavenlyEye   : akyat ka d2 ulit
23:26 HeavenlyEye   : para makita nang zombie
23:28 HeavenlyEye   : orayt
23:28 HeavenlyEye   : hagisan mo nang potion tas gapple
23:28 HeavenlyEye   : right click apple
23:28 Seraveee      : anayre
23:28 HeavenlyEye   : hintay ka mga 4 mins tas may discount kna
23:28 HeavenlyEye   : curing zombie vill
23:28 Seraveee      : oh
23:28 Seraveee      : nice
23:29 Seraveee      : dito lang ako?
23:29 HeavenlyEye   : yeah di naman mag dedespawn yan ksi naka name tag
23:29 Seraveee      : panu pla mag tame ng aso
23:29 HeavenlyEye   : punong puno na ung iron farm ko wala pakong storage system lol
23:29 HeavenlyEye   : bone ata
23:30 HeavenlyEye   : right click lang nang right click
23:30 HeavenlyEye   : pinalitanko ung difficulty nang hard para 100% success rate na magiging zombie ung villager
23:31 Seraveee      : gusto ko nga rin gumawa ng creepr farm
23:31 HeavenlyEye   : ung pinaka efficient na creeper farm eh kelangan nang pusa kaya di ko na ginawa haha
23:31 HeavenlyEye   : fcken hate cats
23:32 Seraveee      : hahaa panu ba hulihin yun
23:32 HeavenlyEye   : fish ata eh kso sa jungle sila pede makita haha
23:32 HeavenlyEye   : or villages
23:32 HeavenlyEye   : tau plang may elytra haha
23:32 HeavenlyEye   : ez travels
23:32 Seraveee      : dba may parot rin dito?
23:32 Seraveee      : kaya nga haha
23:32 HeavenlyEye   : meron sa jung
23:33 HeavenlyEye   : ayan na
23:33 HeavenlyEye   : waz the price
23:33 Seraveee      : nice
23:33 Seraveee      : 1
23:33 HeavenlyEye   : noice
23:33 Seraveee      : ganito na to? or may time limit
23:33 HeavenlyEye   : gagawin ko din yan sa fletcher pra konting stick lang kelangan sa emerald
23:33 HeavenlyEye   : perma yan
23:34 HeavenlyEye   : afk muna ako brad haha ligo lang
23:34 Seraveee      : gege
