23:57 HeavenlyEye: pinapatay nang mga mobs yan
23:57 Seraveee   : ohh wtf
00:06 Seraveee   : bawal mag gamit ng tnt?
00:06 HeavenlyEye: nakadisable dhil sa grief protectionm
00:16 Seraveee   : pwede ba mag mine ng dia gamit tnt?
00:16 Seraveee   : hndi ba mababasag
00:17 HeavenlyEye: yan di ko pa tested
00:17 HeavenlyEye: wala kabang pick?
00:17 Seraveee   : meron naman
00:17 Seraveee   : baka kasi mas mabilis haha
00:19 HeavenlyEye: walang effect ung fortune jan haha
00:19 Seraveee   : yun nga kaka tryk o lang haha
00:20 Seraveee   : ilab ba kailangan para sa beacon
00:20 HeavenlyEye: nether star, 3 obsidian, 5 glass
00:20 HeavenlyEye: u gotta beat wither boss haha
00:20 Seraveee   : tapos ung iron ilan
00:21 HeavenlyEye: 164 iron blocks
00:21 HeavenlyEye: so u need 10,496 iron ingot overall
00:21 Seraveee   : wtf
00:21 Seraveee   : diamond pa naman sana gusto ko
00:22 HeavenlyEye: de jk 1,476 lang hahahah
00:22 Seraveee   : kahit na
00:22 Seraveee   : wtf
00:22 HeavenlyEye: hahaa hirap nyan xD kaya iron lang muna ako
00:22 HeavenlyEye: tas pag nakagawa ako emerald ska ko nlang uupgrade
00:22 HeavenlyEye: emerald farm
00:22 HeavenlyEye: then netherite for final goal
00:22 Seraveee   : sobrang tagal nyan haha
00:23 Seraveee   : ok sana kung pwede fortune sa netherite
00:23 HeavenlyEye: agree pero di naman ma dedelete tong server haha
00:23 HeavenlyEye: its gonna run forever xD
00:35 HeavenlyEye: sry ser nagrestart ako nang server knina haha
01:59 HeavenlyEye: rico
01:59 HeavenlyEye: ye its impossible to transfer world men
02:00 HeavenlyEye: total reset tlaga lol
03:26 Dane       :  placed a sign @ world: x56, z208
  ^    ^
  ____
          Shinobingot
