00:32 Seraveee   : yo anu magandang enchnt sa chest
00:32 HeavenlyEye: unb 3, prot 4, mending
00:32 Seraveee   : yun lang?
00:32 HeavenlyEye: may datapack na pede mo icombine ung elytra ska chestplate pag dinrop mo sa anvil
00:32 HeavenlyEye: yeeeee
00:33 Seraveee   : pangit ba yung mga thorns at fire protection?
00:34 HeavenlyEye: di nman pero throns ksi double damage sa armor
00:34 HeavenlyEye: fire protection kung madalas ka lang tamaan nang mga fire shits
00:44 Seraveee   : grabe yung netherite palagi isa lang haha
00:44 HeavenlyEye: ya di nagana fortune jan xD
00:44 HeavenlyEye: rare eh
01:11 Seraveee   : yo anu naman magandang enchant sa leg same lang?
01:11 HeavenlyEye: yessir
05:07 LeM0N0     : lakasm o naman
05:07 LeM0N0     : lofi
05:07 HeavenlyEye: idol
05:07 LeM0N0     : lakas ni lofi
05:07 LeM0N0     : may elytra na
05:07 Seraveee   : nag bebenta pla ako elytra
05:07 LeM0N0     : hm?
05:07 HeavenlyEye: same
05:07 HeavenlyEye: i got 1 tho lol
05:07 LeM0N0     : hm?
05:08 Seraveee   : 3netherite lang
05:08 Seraveee   : hehe
05:08 LeM0N0     : fuck off
05:08 Seraveee   : HAHAHA
05:08 LeM0N0     : mahal amp
05:08 HeavenlyEye: 128 emeralds aken
05:08 LeM0N0     : i have 5
05:08 HeavenlyEye: flee market ka nlang ser
05:15 LeM0N0     : fortune II for sale
05:15 Seraveee   : ew
05:15 LeM0N0     : ./ban seraveee
05:15 Seraveee   : ../..
05:57 HeavenlyEye: no sleep sirs
06:11 HeavenlyEye: anybody need enchanted bows from afk fish farm?
06:11 HeavenlyEye: didisenchant ko na lahat
06:12 LeM0N0     : what do u have
06:12 LeM0N0     : i need mending
06:12 HeavenlyEye: infinity better brother haha
06:12 HeavenlyEye: madami akong mending na bow d2 sa fish farm
06:12 LeM0N0     : yeaaah but mine shit is about to break
06:12 HeavenlyEye: yessir small price to pay xD
06:13 LeM0N0     : i have infinity, flame, power V
06:13 LeM0N0     : i thought its free
06:13 HeavenlyEye: ah may plugin na pedeng ipag combine both
06:13 HeavenlyEye: imma install that
06:14 HeavenlyEye: ninerf ksi nila dati kaya bawal na pagsamahin
06:14 Dane       : san mo nakuha yung parrot charles?
06:14 LeM0N0     : legit ba?
06:14 LeM0N0     : hindi ba pwede dati?
06:14 HeavenlyEye: ung ano?
06:14 HeavenlyEye: pede dati
06:14 HeavenlyEye: ngaun di na
06:15 HeavenlyEye: u can try pero walang output pag tinry mo haha
06:15 HeavenlyEye: if i can do a quick restart rn maiinstall ko ung unnerf version
06:16 HeavenlyEye: takes like 30 secs
06:20 Dane       : bro
06:20 HeavenlyEye: yo
06:20 Dane       : mga pillagers andito dami
06:20 HeavenlyEye: ahahah gg
06:21 Dane       : bilis nila amp
06:22 HeavenlyEye: atakihin mo na
06:22 Dane       : i dont have equipment
06:22 HeavenlyEye: oh shi haha
06:22 HeavenlyEye: tago
06:22 Dane       : i'll go sa place mo
06:23 HeavenlyEye: tp lang
06:23 Dane       : wao I like ur place ha
06:23 HeavenlyEye: di pa tapos haha kulang pa nung trading hall
06:24 Dane       : very nice
06:24 HeavenlyEye: tinatry ko na manghuli nang bubuyog
06:24 LeM0N0     : flower lang
06:24 HeavenlyEye: nice
06:24 Dane       : nakakita ka na beehive?
06:24 HeavenlyEye: sa end ko gagawin ung honeycomb farm haha
06:24 LeM0N0     : dami dyan
06:24 HeavenlyEye: oo madami malapit sken
06:24 LeM0N0     : sa lugar nyo bees
06:25 Dane       : noice
06:25 HeavenlyEye: kelangan nga lang nang silk touch
06:25 LeM0N0     : no need
06:25 LeM0N0     : you can make a beehive
06:25 LeM0N0     : out of the honeycomb
06:25 HeavenlyEye: di ako nag shear haha
06:25 HeavenlyEye: ung orig nlang muna
06:25 LeM0N0     : pausukan mo lang ilalim ng hive nila apra di kanila atakihin
06:25 LeM0N0     : kasi mamamatay sila e
06:25 HeavenlyEye: oo nga eh haha
06:26 LeM0N0     : i have so many beehive
06:26 LeM0N0     : bigyan nalang kita
06:26 HeavenlyEye: di men ung farm kse kelangan may bee na sa loob
06:27 HeavenlyEye: kaya nag silk touch nako haa
06:27 LeM0N0     : gets
06:27 LeM0N0     : pahiram pickaxe na mabilis mag bungkal ng bato
06:28 HeavenlyEye: wala kabang pick na may eff 4?
06:28 LeM0N0     : wala ko
06:28 LeM0N0     : puro iron lang
06:28 HeavenlyEye: kumpleto na ung xp farm sa end dun ka mag enchant
06:28 LeM0N0     : nawala ako 3 days ih
06:28 HeavenlyEye: tp ka saken
06:29 HeavenlyEye: ez xp yan
06:29 LeM0N0     : sakit sa tenga
06:29 LeM0N0     : pota
06:29 HeavenlyEye: haha ginawa kong 1% ung vol nang hostile mobs
06:31 Dane       : bat may square na luffy dito hahaha
06:31 Dane       : bobo lumipad amp
06:31 Seraveee   : wla ka lang
06:31 HeavenlyEye: ahahhaa
06:31 Dane       : okay lang atleast di bobo
06:32 LeM0N0     : ano yung nag ti-tick dito?
06:32 HeavenlyEye: dropper nang ender eye haha
06:32 HeavenlyEye: mabilis mapuno
06:32 Seraveee   : tangina bagal naman ng creeper farm
06:32 Dane       : san ka nakakuha ng parrot charles?
06:32 Seraveee   : jungle
06:32 HeavenlyEye: ung mob farm ko lalagyan ko nlang nang filter lol
06:32 HeavenlyEye: para bones ska gunpowder lang nakukuha
06:33 Dane       : beri cute and the cats
06:33 Dane       : teka
06:33 Seraveee   : breed mo
06:33 LeM0N0     : bat isang
06:33 LeM0N0     : stats lang bigay?
06:33 HeavenlyEye: random yan
06:33 Seraveee   : sinu may entra na rope
06:33 HeavenlyEye: di laging kumpleto
06:33 LeM0N0     : isang stats lang e
06:33 Seraveee   : penge
06:33 Dane       : dami na niyan cats mo e
06:34 LeM0N0     : efficiency lang nakuha ko
06:34 HeavenlyEye: yeah di yan guaranteed na kumpletong enchants
06:34 Dane       : hoy animal abuse
06:34 LeM0N0     : pero may chance?
06:34 HeavenlyEye: gotta bring multiple picks or tools pra combining
06:34 HeavenlyEye: yeah like 5% lol
06:34 Dane       : bad mo
06:34 LeM0N0     : ah so sa iron pwede ko itransfer sa diamond yung effect/
06:34 HeavenlyEye: its better to enchant and combine
06:34 HeavenlyEye: ah di pede
06:34 HeavenlyEye: samesies dpat
06:35 Dane       : pagamit
06:35 Seraveee   : gawa ka ng shrine dane
06:35 HeavenlyEye: kala ko may mga diamond kana? haha
06:35 Seraveee   : para naman gumanda village natin
06:35 Dane       : hahahaha maganda naman a
06:35 Dane       : andito ako
06:36 Seraveee   : yuckk
06:36 Dane       : HAHAHAHA BO
06:36 HeavenlyEye: kung gust2 nyo nang cheap mending keep curing a zombie villager
06:36 HeavenlyEye: lam ni charles kung pano
06:37 Seraveee   : may dia armor kna ba
06:37 Dane       : who
06:38 Dane       : uy thanks
06:39 Dane       : pagamit anvil erp
06:39 HeavenlyEye: lol
06:39 Dane       : hahah
06:39 Seraveee   : nakakagamit kba?
06:39 HeavenlyEye: combine elytra with chestplate drop molang sa anvil
06:39 Dane       : edni
06:40 Seraveee   : bawal naman
06:40 HeavenlyEye: tignan mo ung elytra
06:40 HeavenlyEye: description
06:40 Dane       : thanks
06:41 Seraveee   : x nakalagay
06:41 HeavenlyEye: no drop mo lang sa anvil wag mong right click
06:41 HeavenlyEye: like sa taas nang anvil
06:41 Seraveee   : both ba?
06:41 HeavenlyEye: yeee
06:41 Seraveee   : oh nice
06:42 Dane       : may fish ka pa?
06:43 Seraveee   : jan sa mga chest
06:43 Seraveee   : sa fishing
06:43 Seraveee   : guys elytra for 1000rockets oh
06:43 HeavenlyEye: ill buy ur entire stock hahahhaha
06:44 HeavenlyEye: i got like infinite
06:44 Seraveee   : bagal ng creepr farm ko
06:44 Seraveee   : peke ata to haha
06:44 HeavenlyEye: gagi takpan mo ksi lol
06:44 HeavenlyEye: they only spawn in darkness
06:44 Seraveee   : dapat tulad ng iyo na lang ginagwa ko
06:44 Seraveee   : hndi na takip na yan lahat
06:44 HeavenlyEye: weird lemme see
06:45 HeavenlyEye: hmhhh walang nadedetect ung map ko haha
06:45 Seraveee   : kanina meron naman
06:46 HeavenlyEye: may vid to?
06:46 Seraveee   : oo
06:46 HeavenlyEye: dpat nag iispawn nto eh haha
06:46 Seraveee   : kanina madami eh
06:46 Seraveee   : ewan ko bat wla na ngayun
06:46 Dane       : bat puro sila nakasit
06:47 HeavenlyEye: habang dumadami ksi ung tao bumababa rate nang mobs
06:47 Seraveee   : naka follow kasi yan dane
06:47 HeavenlyEye: also cuz dane is near the farm haha
06:47 HeavenlyEye: dpat walang tao malapit
06:47 Seraveee   : yun ba yun
06:47 HeavenlyEye: yessir
06:47 Dane       : osige lalayo muna ko
06:47 Dane       : hahahaha
06:47 HeavenlyEye: ung food farm ko sa nether di nagana nang may malapit na tao
06:47 HeavenlyEye: ahahahha
06:47 LeM0N0     : owshit
06:47 LeM0N0     : lalayo
06:48 HeavenlyEye: china oil
06:48 Dane       : lalayo na ba ako
06:48 Dane       : pano naman ako
06:48 HeavenlyEye: okay lang yan may pusa ka naman na
06:48 Seraveee   : lakbay ka muna dane haha
06:48 Seraveee   : hanap ka parot
06:48 Dane       : hahaha makitira muna ko sa iba
06:48 Dane       : wala nga ko tali e
06:48 Seraveee   : saan paba makakakuha ng rope
06:48 LeM0N0     : ew
06:48 HeavenlyEye: rope?
06:48 LeM0N0     : walang rope
06:49 LeM0N0     : bilhin mo sakin
06:49 LeM0N0     : 1 elytra
06:49 LeM0N0     : 2 ropes
06:49 HeavenlyEye: tangina ahaha
06:49 Seraveee   : uloool
06:49 HeavenlyEye: wtf is a rope lol
06:49 Seraveee   : yung tali
06:49 LeM0N0     : leash
06:49 HeavenlyEye: ohhh just craft men
06:49 LeM0N0     : meron nga ko
06:49 Seraveee   : nakukuha sa trader nba yun\
06:49 HeavenlyEye: need slime balls tho lol
06:49 LeM0N0     : slimeballs and string
06:49 Seraveee   : tf is slime balls
06:49 HeavenlyEye: 1 slimeball apat na strings
06:49 Seraveee   : saan makakuha nun
06:50 LeM0N0     : sa slime
06:50 LeM0N0     : duh
06:50 LeM0N0     : bobo
06:50 HeavenlyEye: swamp at night time
06:50 Seraveee   : saan nga bobo
06:50 LeM0N0     : AHAHAHAHAHAHA
06:50 HeavenlyEye: kso layo nang swamp sa atin
06:50 LeM0N0     : oo malayo
06:50 Dane       : ano ba yan
06:50 LeM0N0     : kaya kung ako sayo
06:50 LeM0N0     : bilhin mo nalang
06:50 LeM0N0     : sakin
06:50 HeavenlyEye: art of the deal right there
06:50 Seraveee   : walang malayo pag may elytra hehe
06:50 LeM0N0     : yaaaaaan
06:50 LeM0N0     : bahala ka mag hanap
06:50 HeavenlyEye: everyone can use locate and locatebiome take advantage lol
06:50 LeM0N0     : sakin
06:51 HeavenlyEye: inenable ko kninang umaga sa lahat
06:51 LeM0N0     : owshi
06:51 LeM0N0     : kaya pala
06:51 LeM0N0     : may nakita si crizzy na jungle
06:51 HeavenlyEye: para di unfair ahaha admin lang nakakacommand lol
06:51 LeM0N0     : admin nga ko
06:51 LeM0N0     : di ko alam yung
06:51 LeM0N0     : command na yun
06:51 LeM0N0     : AHAHAHAHAHAHA
06:51 HeavenlyEye: sa vanilla minecraft ung command na un haha
06:51 LeM0N0     : oo pero di ko pa din alam
06:51 HeavenlyEye: pero kelangan op para magamit
06:51 Seraveee   : saaan ka daen
06:52 Seraveee   : back to you charles
06:52 Dane       : sa malayo kung san nandun ako
06:52 LeM0N0     : pota
06:52 HeavenlyEye: lumayo nga
06:53 Dane       : u need something>
06:53 Dane       : gimme the rope hanap kita parrot na sumisigaw
06:53 Seraveee   : wla nga eg
06:54 LeM0N0     : ako meron nga
06:54 Dane       : edi goodluck hahaha
06:54 LeM0N0     : ayaw pa
06:54 LeM0N0     : di mo naman gagamitin isang elytra
06:55 LeM0N0     : panget
06:55 LeM0N0     : kanino to
06:55 Seraveee   : no sleep
06:56 LeM0N0     : maganda lang yung kitchen
06:56 LeM0N0     : ako kasi gumawa
06:56 LeM0N0     : WAHAHAHAHAHA
06:56 Dane       : mas panget ka wag ka papatalo
06:56 LeM0N0     : papa mo kalbo may buhok
06:57 Seraveee   : crizzy
06:57 CrizzyBoi  : yo yo
06:57 Dane       : talaga kesa naman sayo
06:57 Seraveee   : baka gusto mo elytra 1000rocket lang
06:57 LeM0N0     : HAHAHAHAHA
06:57 LeM0N0     : di mo need nun
06:57 CrizzyBoi  : mag hahanap nlng me ser matsala hahahah
06:57 LeM0N0     : TAHAHAHAHAHAHA
06:57 LeM0N0     : kung ako sayo charles
06:57 LeM0N0     : bilhin mo na tong
06:57 LeM0N0     : rope ko
06:57 HeavenlyEye: apat na endship ung finarm ni charles
06:58 HeavenlyEye: mahihirapan kau haha
06:58 Seraveee   : wla kna mahanap parnaubos ko na
06:58 Dane       : penge boat
06:58 LeM0N0     : wala to
06:58 LeM0N0     : hindi tunay to
06:58 LeM0N0     : inubusan tayo
06:58 Seraveee   : business lang par
06:58 HeavenlyEye: capitalism muna
06:58 Seraveee   : wlang matutulog
06:58 LeM0N0     : taenang rae to laki ng kama di naman pwede matulog
06:59 Dane       : bbat ka makikitulog
06:59 LeM0N0     : crizzy
06:59 Dane       : thanks
06:59 LeM0N0     : come here
06:59 LeM0N0     : tignan mo kitchen
06:59 LeM0N0     : interior designer ako baka naman
06:59 LeM0N0     : i work for 5 diamonds
06:59 LeM0N0     : i will design ur interior
06:59 HeavenlyEye: tunay na rip off
07:00 LeM0N0     : gago
07:00 LeM0N0     : good deal un
07:00 LeM0N0     : cause i hunt for the stuff
07:00 Dane       : hahaha ganyan design ni crizzy e
07:00 Dane       : bonak
07:00 LeM0N0     : ikaw bonak
07:00 LeM0N0     : panget skin ni dane
07:00 LeM0N0     : ew
07:00 LeM0N0     : emo
07:00 LeM0N0     : emong mama
07:00 Dane       : wala ko pake sa skin
07:01 LeM0N0     : bat wala ka pake sa sarili mo :c sad naman nun
07:01 Dane       : wala ko pake sa opinion mo
07:01 LeM0N0     : my instinct are precise
07:01 LeM0N0     : dapat may pake ka
07:01 Dane       : no
07:01 Dane       : di ka tama jan
07:01 LeM0N0     : emo
07:01 LeM0N0     : emong mama
07:01 Dane       : IDC
07:02 Dane       : shut the ur hairy ass up
07:02 LeM0N0     : sorry
07:02 LeM0N0     : :c
07:02 LeM0N0     : pota
07:02 LeM0N0     : A
07:02 Seraveee   : abuse
07:02 LeM0N0     : AHAHAHAHA
07:02 LeM0N0     : dami arrows amp
07:02 Seraveee   : hahaha
07:02 LeM0N0     : uy gago
07:02 Dane       : wag mo galawin yan
07:02 LeM0N0     : batm o pinatay
07:03 Seraveee   : daming mobs pota
07:03 LeM0N0     : ahahahah
07:03 Dane       : wag mo patayuin yung may name jan
07:03 LeM0N0     : ui
07:03 LeM0N0     : swerte
07:03 Dane       : charles
07:03 Seraveee   : tf
07:03 Seraveee   : wla
07:03 LeM0N0     : eto
07:03 Dane       : please dont hehe
07:03 Seraveee   : oyy
07:04 Seraveee   : d ako tumatanggap nyan
07:04 LeM0N0     : lunukin mo na pride mo
07:04 LeM0N0     : lintik ka
07:04 LeM0N0     : wala na ko dyan
07:04 Seraveee   : HAHAHAHAHA
07:04 LeM0N0     : para kang ex ko e
07:04 LeM0N0     : ah shit
07:04 Seraveee   : oyy
07:04 Seraveee   : sinu kaya
07:04 LeM0N0     : obob
07:05 LeM0N0     : AHAHAHAHAHAHA
07:05 LeM0N0     : dami
07:05 Seraveee   : HAHAHAHA
07:05 Seraveee   : hala ka
07:05 HeavenlyEye: dafuq happened there lol
07:05 P2NK0      : bad
07:05 LeM0N0     : ewan
07:06 LeM0N0     : nag slash
07:06 HeavenlyEye: potang ina shortage ako nang glass
07:06 LeM0N0     : meron ako
07:06 LeM0N0     : glass
07:06 LeM0N0     : hehehehe
07:06 LeM0N0     : 1 elytra
07:06 HeavenlyEye: i need 6 stacks
07:06 LeM0N0     : 6 stacks
07:06 LeM0N0     : AHAHAHAHAHAHAHA
07:07 HeavenlyEye: ina ahahaa
07:26 LeM0N0     : dat u junel?
07:26 Apostle    : yesser
07:26 Apostle    : pang afk
07:46 LeM0N0     : tara
07:46 LeM0N0     : nuod bold
07:46 HeavenlyEye: lol
07:47 HeavenlyEye: fuck obsidian farming
07:47 HeavenlyEye: i need 14 stacks of this bs
21:13 HeavenlyEye: no sleep sir
21:13 Seraveee   : ops
21:15 Seraveee   : anu max ng sharpness 4 ba or 5
21:15 HeavenlyEye: 5 men
21:17 Seraveee   : tf d ko na ma upgrade too expensive na haha
21:18 HeavenlyEye: haha wala na limit na yan
21:18 HeavenlyEye: swertihan ksi dpat sa sword sa enchanting table ksi pag combine nang combine tumataas
21:18 Seraveee   : anu ba magandang enchant sa sword
21:19 HeavenlyEye: sharp 5, sweep 3, loot 3, unb 3, mending
21:20 HeavenlyEye: wtf turtle eggs hatches in 4-5 nights
21:20 HeavenlyEye: tagal amputa
21:21 Seraveee   : saan ka nakakuha nun
21:21 HeavenlyEye: nag hanap ako nang turtle sa mga beaches tas binreed ko\
21:21 HeavenlyEye: tas kinuha ko ung egg haha
21:21 HeavenlyEye: since di ko sila madala sa base
21:47 CrizzyBoi  : can i hab some pearls
21:48 HeavenlyEye: farm mo jan haha
21:48 HeavenlyEye: dami yan
22:04 HeavenlyEye: sap
22:05 Seraveee   : full netherite kna pala hah
22:05 HeavenlyEye: yessir
22:05 Seraveee   : anu enchantment sa helmet
22:05 HeavenlyEye: prot 4, unb 3, mending, respi 3, aqua aff
22:07 HeavenlyEye: shiet di pla naoobtain ung frost walker d2 sa table lol
22:08 Seraveee   : para saan yun
22:08 HeavenlyEye: kalngan ko lang temporary pra di ako masaktan sa magma blocks
22:08 HeavenlyEye: need 1300 magma blocks lol
22:08 Seraveee   : para saan?
22:09 Seraveee   : bahay mo?
22:09 HeavenlyEye: gold farm
22:09 Seraveee   : may dia farm rin ba?
22:10 HeavenlyEye: wala haha mano mano tulad nang netherite
22:10 HeavenlyEye: iron, emerald, ska gold lang
22:18 HeavenlyEye: [name:"Turtle Land", x:3222, y:66, z:-1609, dim:minecraft:overworld]
22:18 HeavenlyEye: saming turtle nasa 12 ata
22:18 Seraveee   : meron kna dba
22:19 HeavenlyEye: di pa nahatch ung aken
22:20 Seraveee   : panu naman ung sa boots
22:20 HeavenlyEye: prot 4, unb 3, feather fall 4, depth strider 4, mending
22:21 Seraveee   : para saan depth strider
22:21 HeavenlyEye: mas mabilis magswimming
22:39 Seraveee   : worth it ba upgrade pickaxe sa netherite?
23:00 Seraveee   : yo worth it ba upgrade pickaxe sa ntherite
23:00 HeavenlyEye: pede din pero kung may mending optional nlanh
23:00 HeavenlyEye: mas gust2 ko itsura nang netherite haha
23:05 Seraveee   : saan na turtle mo? wla parin?
23:05 HeavenlyEye: wala padin haha 4-7 nights eh
23:08 Seraveee   : panu breed ung turtle
23:08 HeavenlyEye: sea grass
23:10 Seraveee   : tf panu knin ung sea grass
23:10 HeavenlyEye: shears
23:12 Seraveee   : panu yung egg d ko makita
23:12 HeavenlyEye: kelangan nyan maghukay muna
23:12 HeavenlyEye: tas silk touch the egg
23:12 Seraveee   : wtf
23:14 Seraveee   : panu to hatch kailangan lagay ko lang sa sand?
23:15 HeavenlyEye: yessir then waiting game
23:57 Seraveee   : tf nawla turtle eggs ko
23:57 HeavenlyEye: binarricade mo ba?
