03:42 2izey      : CHARLSE
06:00 2izey placed suspicious WATER_BUCKET @ world: x52, z204
06:00 2izey placed suspicious WATER_BUCKET @ world: x53, z204
06:00 2izey placed suspicious WATER_BUCKET @ world: x53, z203
06:00 2izey placed suspicious WATER_BUCKET @ world: x52, z203
06:00 2izey placed suspicious WATER_BUCKET @ world: x54, z204
06:00 2izey placed suspicious WATER_BUCKET @ world: x52, z205
06:01 2izey placed suspicious WATER_BUCKET @ world: x53, z204
06:01 2izey placed suspicious WATER_BUCKET @ world: x54, z204
06:02 2izey placed suspicious WATER_BUCKET @ world: x55, z214
06:02 2izey placed suspicious WATER_BUCKET @ world: x56, z213
06:02 2izey placed suspicious WATER_BUCKET @ world: x54, z213
06:02 2izey placed suspicious WATER_BUCKET @ world: x54, z215
06:02 2izey placed suspicious WATER_BUCKET @ world: x56, z215
06:03 2izey placed suspicious WATER_BUCKET @ world: x56, z203
06:03 2izey placed suspicious WATER_BUCKET @ world: x57, z202
06:04 2izey placed suspicious WATER_BUCKET @ world: x53, z212
06:04 2izey placed suspicious WATER_BUCKET @ world: x54, z211
06:20 2izey placed suspicious WATER_BUCKET @ world: x43, z204
06:20 2izey placed suspicious WATER_BUCKET @ world: x42, z206
06:20 2izey placed suspicious WATER_BUCKET @ world: x45, z202
06:20 2izey placed suspicious WATER_BUCKET @ world: x46, z204
06:20 2izey placed suspicious WATER_BUCKET @ world: x45, z204
06:20 2izey placed suspicious WATER_BUCKET @ world: x45, z203
06:20 2izey placed suspicious WATER_BUCKET @ world: x46, z203
06:25 2izey placed suspicious WATER_BUCKET @ world: x36, z205
06:26 2izey placed suspicious WATER_BUCKET @ world: x37, z203
06:26 2izey placed suspicious WATER_BUCKET @ world: x36, z207
06:26 2izey placed suspicious WATER_BUCKET @ world: x38, z203
06:26 2izey placed suspicious WATER_BUCKET @ world: x38, z201
06:26 2izey placed suspicious WATER_BUCKET @ world: x38, z202
06:50 2izey placed suspicious WATER_BUCKET @ world: x27, z209
06:51 2izey placed suspicious WATER_BUCKET @ world: x19, z212
06:51 2izey placed suspicious WATER_BUCKET @ world: x18, z212
06:51 2izey placed suspicious WATER_BUCKET @ world: x24, z212
06:51 2izey placed suspicious WATER_BUCKET @ world: x26, z212
06:51 2izey placed suspicious WATER_BUCKET @ world: x26, z212
06:51 2izey placed suspicious WATER_BUCKET @ world: x27, z212
06:54 2izey placed suspicious WATER_BUCKET @ world: x30, z207
06:54 2izey placed suspicious WATER_BUCKET @ world: x30, z206
06:54 2izey placed suspicious WATER_BUCKET @ world: x30, z208
07:15 2izey placed suspicious LAVA_BUCKET @ world: x54, z200
07:15 2izey placed suspicious LAVA_BUCKET @ world: x54, z200
07:15 2izey placed suspicious WATER_BUCKET @ world: x54, z200
07:16 2izey placed suspicious WATER_BUCKET @ world: x32, z205
07:16 2izey placed suspicious WATER_BUCKET @ world: x36, z206
07:16 2izey placed suspicious WATER_BUCKET @ world: x34, z204
07:16 2izey placed suspicious WATER_BUCKET @ world: x35, z204
07:21 HeavenlyEye: may nag request pla mag tp haha mb afk ako sir
07:21 2izey      : okay lang haha
07:22 CrizzyBoi  : namamalimus po ako 3 dia please bayad ko po 3 eme
07:22 HeavenlyEye: isang diamond 64 emerald men deal
07:23 CrizzyBoi  : gah dam
07:23 HeavenlyEye: ahahaha]
07:23 HeavenlyEye: i gotchu tp klang\
07:38 CrizzyBoi  : nel ano max ng fortune?
07:39 HeavenlyEye: 3 lang
07:43 CrizzyBoi  : nel u hab extra minding?
07:50 HeavenlyEye: mending brad?
07:51 CrizzyBoi  : te
07:51 CrizzyBoi  : ye
07:51 HeavenlyEye: wala eh trade villager lang haha
07:51 CrizzyBoi  : saan?
07:51 HeavenlyEye: d2 sa bahay ko haha
07:52 HeavenlyEye: sa kabila
07:59 CrizzyBoi  : i found ender pearl
07:59 HeavenlyEye: nays
07:59 CrizzyBoi  : nu magagawa neto?
07:59 HeavenlyEye: tp u when u throw it
08:04 CrizzyBoi  : need to show someting
08:04 CrizzyBoi  : whats kulang?
08:04 HeavenlyEye: all g nayan
08:04 HeavenlyEye: netherite
08:04 CrizzyBoi  : okie
08:07 CrizzyBoi  : like that?
08:07 HeavenlyEye: yeee okay nyan
08:07 HeavenlyEye: naglalag ka ata brad haha
08:07 CrizzyBoi  : yun nga eh
08:07 CrizzyBoi  : dk why
08:07 HeavenlyEye: full bars nman amin
10:16 CrizzyBoi  : nel
10:16 CrizzyBoi  : wanna help me do a rade?
10:16 HeavenlyEye: raid saan?
10:16 CrizzyBoi  : yung piglin base
10:16 HeavenlyEye: geh geh
10:18 HeavenlyEye: taena walang kwenta laman
10:19 CrizzyBoi  : nakuha ko na lol
10:19 HeavenlyEye: ohhh hahaha
10:20 HeavenlyEye: okay na? haha
10:20 CrizzyBoi  : yeye ty
10:20 HeavenlyEye: kalma
11:09 Dane       :  placed a sign @ world: x-123, z-415
  DANEDELION
  QTQT
11:11 Dane       :  placed a sign @ world: x56, z205
  DANEDELION
  QTQT
11:13 Dane       :  placed a sign @ world: x240, z415
  W
11:16 Dane       :  placed a sign @ world: x241, z414
  DANEDELION
  QTQT
11:18 Dane       :  placed a sign @ world: x-124, z-412
  ee
11:18 Dane       :  placed a sign @ world: x-123, z-412
  e
11:21 Dane       :  placed a sign @ world: x-123, z-415
  ^   ^
  ___
  -DANEDELION
11:23 Dane       :  placed a sign @ world: x56, z205
  ^      ^
  ---
  -DANEDELION
11:24 Dane       :  placed a sign @ world: x241, z414
  ^    ^
  ---
  -DANEDELION-
12:43 CrizzyBoi placed suspicious WATER_BUCKET @ world: x-162, z-423
12:54 CrizzyBoi placed suspicious WATER_BUCKET @ world: x-162, z-423
12:54 CrizzyBoi placed suspicious WATER_BUCKET @ world: x-162, z-423
21:17 2izey placed suspicious WATER_BUCKET @ world: x17, z210
21:17 2izey placed suspicious WATER_BUCKET @ world: x17, z211
21:17 2izey placed suspicious WATER_BUCKET @ world: x18, z210
21:17 2izey placed suspicious WATER_BUCKET @ world: x20, z210
21:17 2izey placed suspicious WATER_BUCKET @ world: x21, z210
21:17 2izey placed suspicious WATER_BUCKET @ world: x21, z211
21:22 2izey placed suspicious WATER_BUCKET @ world: x55, z206
21:22 2izey placed suspicious WATER_BUCKET @ world: x56, z205
21:29 2izey placed suspicious WATER_BUCKET @ world: x21, z218
21:29 2izey placed suspicious WATER_BUCKET @ world: x21, z219
21:29 2izey placed suspicious WATER_BUCKET @ world: x20, z219
21:29 2izey placed suspicious WATER_BUCKET @ world: x18, z219
21:29 2izey placed suspicious WATER_BUCKET @ world: x17, z219
21:29 2izey placed suspicious WATER_BUCKET @ world: x17, z218
21:31 2izey placed suspicious WATER_BUCKET @ world: x20, z233
21:54 2izey      : pano mag claim
21:54 Seraveee   : d ko gets yan
21:55 2izey      : ganda pag may shader
21:55 2izey      : dc
21:55 Seraveee   : panu
23:33 2izey placed suspicious WATER_BUCKET @ world: x14, z231
23:34 2izey placed suspicious WATER_BUCKET @ world: x13, z235
23:34 2izey placed suspicious WATER_BUCKET @ world: x13, z229
23:34 2izey placed suspicious WATER_BUCKET @ world: x13, z228
23:34 2izey placed suspicious WATER_BUCKET @ world: x13, z228
23:34 2izey placed suspicious WATER_BUCKET @ world: x13, z229
23:34 2izey placed suspicious WATER_BUCKET @ world: x13, z229
23:34 2izey placed suspicious WATER_BUCKET @ world: x13, z228
23:34 2izey placed suspicious WATER_BUCKET @ world: x13, z228
23:34 2izey placed suspicious WATER_BUCKET @ world: x13, z229
23:34 2izey placed suspicious WATER_BUCKET @ world: x13, z231
23:34 2izey placed suspicious WATER_BUCKET @ world: x13, z231
23:34 2izey placed suspicious WATER_BUCKET @ world: x13, z234
23:34 2izey placed suspicious WATER_BUCKET @ world: x13, z234
23:34 2izey placed suspicious WATER_BUCKET @ world: x13, z233
23:34 2izey placed suspicious WATER_BUCKET @ world: x14, z233
23:34 2izey placed suspicious WATER_BUCKET @ world: x13, z234
23:34 2izey placed suspicious WATER_BUCKET @ world: x13, z234
23:34 2izey placed suspicious WATER_BUCKET @ world: x13, z234
23:34 2izey placed suspicious WATER_BUCKET @ world: x13, z235
23:34 2izey placed suspicious WATER_BUCKET @ world: x13, z232
23:34 2izey placed suspicious WATER_BUCKET @ world: x13, z231
23:34 2izey placed suspicious WATER_BUCKET @ world: x14, z236
23:34 2izey placed suspicious WATER_BUCKET @ world: x14, z236
23:34 2izey placed suspicious WATER_BUCKET @ world: x14, z236
23:34 2izey placed suspicious WATER_BUCKET @ world: x13, z236
23:34 2izey placed suspicious WATER_BUCKET @ world: x13, z237
23:34 2izey placed suspicious WATER_BUCKET @ world: x13, z238
23:34 2izey placed suspicious WATER_BUCKET @ world: x13, z238
23:34 2izey placed suspicious WATER_BUCKET @ world: x13, z238
23:34 2izey placed suspicious WATER_BUCKET @ world: x13, z238
23:34 2izey placed suspicious WATER_BUCKET @ world: x14, z239
23:34 2izey placed suspicious WATER_BUCKET @ world: x15, z239
23:34 2izey placed suspicious WATER_BUCKET @ world: x15, z239
23:34 2izey placed suspicious WATER_BUCKET @ world: x15, z239
23:34 2izey placed suspicious WATER_BUCKET @ world: x15, z239
23:34 2izey placed suspicious WATER_BUCKET @ world: x15, z239
23:34 2izey placed suspicious WATER_BUCKET @ world: x13, z236
23:34 2izey placed suspicious WATER_BUCKET @ world: x13, z235
23:35 2izey placed suspicious WATER_BUCKET @ world: x14, z236
23:35 2izey placed suspicious WATER_BUCKET @ world: x13, z229
23:35 2izey placed suspicious WATER_BUCKET @ world: x13, z232
23:35 2izey placed suspicious WATER_BUCKET @ world: x13, z231
23:38 2izey placed suspicious WATER_BUCKET @ world: x16, z237
23:38 2izey placed suspicious WATER_BUCKET @ world: x18, z237
23:38 2izey placed suspicious WATER_BUCKET @ world: x20, z237
23:39 2izey placed suspicious WATER_BUCKET @ world: x19, z237
23:39 2izey placed suspicious WATER_BUCKET @ world: x22, z237
23:39 2izey placed suspicious WATER_BUCKET @ world: x25, z237
23:39 2izey placed suspicious WATER_BUCKET @ world: x33, z237
23:39 2izey placed suspicious WATER_BUCKET @ world: x36, z237
23:39 2izey placed suspicious WATER_BUCKET @ world: x35, z237
23:39 2izey placed suspicious WATER_BUCKET @ world: x37, z237
23:39 2izey placed suspicious WATER_BUCKET @ world: x40, z237
23:39 2izey placed suspicious WATER_BUCKET @ world: x41, z237
23:39 2izey placed suspicious WATER_BUCKET @ world: x42, z237
23:39 2izey placed suspicious WATER_BUCKET @ world: x43, z237
23:39 2izey placed suspicious WATER_BUCKET @ world: x44, z237
